2022-03-09 12:41:08.588 INFO  com.zs.handler.RedisTest - Starting RedisTest using Java 1.8.0_144 on Air-20210908VSZ with PID 82256 (started by Air in D:\IDEA_workspace01\blog)
2022-03-09 12:41:08.588 DEBUG com.zs.handler.RedisTest - Running with Spring Boot v2.6.3, Spring v5.3.15
2022-03-09 12:41:08.588 INFO  com.zs.handler.RedisTest - No active profile set, falling back to default profiles: default
2022-03-09 12:41:10.047 INFO  o.s.d.r.config.RepositoryConfigurationDelegate - Multiple Spring Data modules found, entering strict repository configuration mode!
2022-03-09 12:41:10.063 INFO  o.s.d.r.config.RepositoryConfigurationDelegate - Bootstrapping Spring Data Redis repositories in DEFAULT mode.
2022-03-09 12:41:10.126 INFO  o.s.d.r.config.RepositoryConfigurationDelegate - Finished Spring Data repository scanning in 25 ms. Found 0 Redis repository interfaces.
2022-03-09 12:41:11.569 INFO  c.a.d.s.b.a.DruidDataSourceAutoConfigure - Init DruidDataSource
2022-03-09 12:41:11.961 INFO  com.alibaba.druid.pool.DruidDataSource - {dataSource-1} inited
2022-03-09 12:41:15.367 INFO  o.s.b.a.web.servlet.WelcomePageHandlerMapping - Adding welcome page template: index
2022-03-09 12:41:16.665 INFO  com.zs.handler.RedisTest - Started RedisTest in 8.869 seconds (JVM running for 12.002)
2022-03-09 12:41:18.004 INFO  com.alibaba.druid.pool.DruidDataSource - {dataSource-1} closing ...
2022-03-09 12:41:18.004 INFO  com.alibaba.druid.pool.DruidDataSource - {dataSource-1} closed
2022-03-09 12:52:24.928 INFO  com.zs.handler.RedisTest - Starting RedisTest using Java 1.8.0_144 on Air-20210908VSZ with PID 65628 (started by Air in D:\IDEA_workspace01\blog)
2022-03-09 12:52:24.928 DEBUG com.zs.handler.RedisTest - Running with Spring Boot v2.6.3, Spring v5.3.15
2022-03-09 12:52:24.928 INFO  com.zs.handler.RedisTest - No active profile set, falling back to default profiles: default
2022-03-09 12:52:26.042 INFO  o.s.d.r.config.RepositoryConfigurationDelegate - Multiple Spring Data modules found, entering strict repository configuration mode!
2022-03-09 12:52:26.052 INFO  o.s.d.r.config.RepositoryConfigurationDelegate - Bootstrapping Spring Data Redis repositories in DEFAULT mode.
2022-03-09 12:52:26.105 INFO  o.s.d.r.config.RepositoryConfigurationDelegate - Finished Spring Data repository scanning in 16 ms. Found 0 Redis repository interfaces.
2022-03-09 12:52:27.078 INFO  c.a.d.s.b.a.DruidDataSourceAutoConfigure - Init DruidDataSource
2022-03-09 12:52:27.404 INFO  com.alibaba.druid.pool.DruidDataSource - {dataSource-1} inited
2022-03-09 12:52:28.710 WARN  o.s.w.context.support.GenericWebApplicationContext - Exception encountered during context initialization - cancelling refresh attempt: org.springframework.beans.factory.BeanCreationException: Error creating bean with name 'redisUtils': Injection of resource dependencies failed; nested exception is org.springframework.beans.factory.BeanCreationException: Error creating bean with name 'redisTemplate' defined in class path resource [com/zs/config/RedisConfig.class]: Invocation of init method failed; nested exception is java.lang.IllegalStateException: RedisConnectionFactory is required
2022-03-09 12:52:28.741 INFO  com.alibaba.druid.pool.DruidDataSource - {dataSource-1} closing ...
2022-03-09 12:52:28.741 INFO  com.alibaba.druid.pool.DruidDataSource - {dataSource-1} closed
2022-03-09 12:52:28.758 INFO  o.s.b.a.l.ConditionEvaluationReportLoggingListener - 

Error starting ApplicationContext. To display the conditions report re-run your application with 'debug' enabled.
2022-03-09 12:52:28.788 ERROR org.springframework.boot.SpringApplication - Application run failed
org.springframework.beans.factory.BeanCreationException: Error creating bean with name 'redisUtils': Injection of resource dependencies failed; nested exception is org.springframework.beans.factory.BeanCreationException: Error creating bean with name 'redisTemplate' defined in class path resource [com/zs/config/RedisConfig.class]: Invocation of init method failed; nested exception is java.lang.IllegalStateException: RedisConnectionFactory is required
	at org.springframework.context.annotation.CommonAnnotationBeanPostProcessor.postProcessProperties(CommonAnnotationBeanPostProcessor.java:332)
	at org.springframework.beans.factory.support.AbstractAutowireCapableBeanFactory.populateBean(AbstractAutowireCapableBeanFactory.java:1431)
	at org.springframework.beans.factory.support.AbstractAutowireCapableBeanFactory.doCreateBean(AbstractAutowireCapableBeanFactory.java:619)
	at org.springframework.beans.factory.support.AbstractAutowireCapableBeanFactory.createBean(AbstractAutowireCapableBeanFactory.java:542)
	at org.springframework.beans.factory.support.AbstractBeanFactory.lambda$doGetBean$0(AbstractBeanFactory.java:335)
	at org.springframework.beans.factory.support.DefaultSingletonBeanRegistry.getSingleton(DefaultSingletonBeanRegistry.java:234)
	at org.springframework.beans.factory.support.AbstractBeanFactory.doGetBean(AbstractBeanFactory.java:333)
	at org.springframework.beans.factory.support.AbstractBeanFactory.getBean(AbstractBeanFactory.java:208)
	at org.springframework.beans.factory.support.DefaultListableBeanFactory.preInstantiateSingletons(DefaultListableBeanFactory.java:953)
	at org.springframework.context.support.AbstractApplicationContext.finishBeanFactoryInitialization(AbstractApplicationContext.java:918)
	at org.springframework.context.support.AbstractApplicationContext.refresh(AbstractApplicationContext.java:583)
	at org.springframework.boot.SpringApplication.refresh(SpringApplication.java:732)
	at org.springframework.boot.SpringApplication.refreshContext(SpringApplication.java:414)
	at org.springframework.boot.SpringApplication.run(SpringApplication.java:302)
	at org.springframework.boot.test.context.SpringBootContextLoader.loadContext(SpringBootContextLoader.java:136)
	at org.springframework.test.context.cache.DefaultCacheAwareContextLoaderDelegate.loadContextInternal(DefaultCacheAwareContextLoaderDelegate.java:99)
	at org.springframework.test.context.cache.DefaultCacheAwareContextLoaderDelegate.loadContext(DefaultCacheAwareContextLoaderDelegate.java:124)
	at org.springframework.test.context.support.DefaultTestContext.getApplicationContext(DefaultTestContext.java:124)
	at org.springframework.test.context.web.ServletTestExecutionListener.setUpRequestContextIfNecessary(ServletTestExecutionListener.java:190)
	at org.springframework.test.context.web.ServletTestExecutionListener.prepareTestInstance(ServletTestExecutionListener.java:132)
	at org.springframework.test.context.TestContextManager.prepareTestInstance(TestContextManager.java:248)
	at org.springframework.test.context.junit.jupiter.SpringExtension.postProcessTestInstance(SpringExtension.java:138)
	at org.junit.jupiter.engine.descriptor.ClassBasedTestDescriptor.lambda$invokeTestInstancePostProcessors$8(ClassBasedTestDescriptor.java:363)
	at org.junit.jupiter.engine.descriptor.ClassBasedTestDescriptor.executeAndMaskThrowable(ClassBasedTestDescriptor.java:368)
	at org.junit.jupiter.engine.descriptor.ClassBasedTestDescriptor.lambda$invokeTestInstancePostProcessors$9(ClassBasedTestDescriptor.java:363)
	at java.util.stream.ReferencePipeline$3$1.accept(ReferencePipeline.java:193)
	at java.util.stream.ReferencePipeline$2$1.accept(ReferencePipeline.java:175)
	at java.util.ArrayList$ArrayListSpliterator.forEachRemaining(ArrayList.java:1374)
	at java.util.stream.AbstractPipeline.copyInto(AbstractPipeline.java:481)
	at java.util.stream.AbstractPipeline.wrapAndCopyInto(AbstractPipeline.java:471)
	at java.util.stream.StreamSpliterators$WrappingSpliterator.forEachRemaining(StreamSpliterators.java:312)
	at java.util.stream.Streams$ConcatSpliterator.forEachRemaining(Streams.java:743)
	at java.util.stream.Streams$ConcatSpliterator.forEachRemaining(Streams.java:742)
	at java.util.stream.ReferencePipeline$Head.forEach(ReferencePipeline.java:580)
	at org.junit.jupiter.engine.descriptor.ClassBasedTestDescriptor.invokeTestInstancePostProcessors(ClassBasedTestDescriptor.java:362)
	at org.junit.jupiter.engine.descriptor.ClassBasedTestDescriptor.lambda$instantiateAndPostProcessTestInstance$6(ClassBasedTestDescriptor.java:283)
	at org.junit.platform.engine.support.hierarchical.ThrowableCollector.execute(ThrowableCollector.java:73)
	at org.junit.jupiter.engine.descriptor.ClassBasedTestDescriptor.instantiateAndPostProcessTestInstance(ClassBasedTestDescriptor.java:282)
	at org.junit.jupiter.engine.descriptor.ClassBasedTestDescriptor.lambda$testInstancesProvider$4(ClassBasedTestDescriptor.java:272)
	at java.util.Optional.orElseGet(Optional.java:267)
	at org.junit.jupiter.engine.descriptor.ClassBasedTestDescriptor.lambda$testInstancesProvider$5(ClassBasedTestDescriptor.java:271)
	at org.junit.jupiter.engine.execution.TestInstancesProvider.getTestInstances(TestInstancesProvider.java:31)
	at org.junit.jupiter.engine.descriptor.TestMethodTestDescriptor.lambda$prepare$0(TestMethodTestDescriptor.java:102)
	at org.junit.platform.engine.support.hierarchical.ThrowableCollector.execute(ThrowableCollector.java:73)
	at org.junit.jupiter.engine.descriptor.TestMethodTestDescriptor.prepare(TestMethodTestDescriptor.java:101)
	at org.junit.jupiter.engine.descriptor.TestMethodTestDescriptor.prepare(TestMethodTestDescriptor.java:66)
	at org.junit.platform.engine.support.hierarchical.NodeTestTask.lambda$prepare$2(NodeTestTask.java:123)
	at org.junit.platform.engine.support.hierarchical.ThrowableCollector.execute(ThrowableCollector.java:73)
	at org.junit.platform.engine.support.hierarchical.NodeTestTask.prepare(NodeTestTask.java:123)
	at org.junit.platform.engine.support.hierarchical.NodeTestTask.execute(NodeTestTask.java:90)
	at java.util.ArrayList.forEach(ArrayList.java:1249)
	at org.junit.platform.engine.support.hierarchical.SameThreadHierarchicalTestExecutorService.invokeAll(SameThreadHierarchicalTestExecutorService.java:41)
	at org.junit.platform.engine.support.hierarchical.NodeTestTask.lambda$executeRecursively$6(NodeTestTask.java:155)
	at org.junit.platform.engine.support.hierarchical.ThrowableCollector.execute(ThrowableCollector.java:73)
	at org.junit.platform.engine.support.hierarchical.NodeTestTask.lambda$executeRecursively$8(NodeTestTask.java:141)
	at org.junit.platform.engine.support.hierarchical.Node.around(Node.java:137)
	at org.junit.platform.engine.support.hierarchical.NodeTestTask.lambda$executeRecursively$9(NodeTestTask.java:139)
	at org.junit.platform.engine.support.hierarchical.ThrowableCollector.execute(ThrowableCollector.java:73)
	at org.junit.platform.engine.support.hierarchical.NodeTestTask.executeRecursively(NodeTestTask.java:138)
	at org.junit.platform.engine.support.hierarchical.NodeTestTask.execute(NodeTestTask.java:95)
	at java.util.ArrayList.forEach(ArrayList.java:1249)
	at org.junit.platform.engine.support.hierarchical.SameThreadHierarchicalTestExecutorService.invokeAll(SameThreadHierarchicalTestExecutorService.java:41)
	at org.junit.platform.engine.support.hierarchical.NodeTestTask.lambda$executeRecursively$6(NodeTestTask.java:155)
	at org.junit.platform.engine.support.hierarchical.ThrowableCollector.execute(ThrowableCollector.java:73)
	at org.junit.platform.engine.support.hierarchical.NodeTestTask.lambda$executeRecursively$8(NodeTestTask.java:141)
	at org.junit.platform.engine.support.hierarchical.Node.around(Node.java:137)
	at org.junit.platform.engine.support.hierarchical.NodeTestTask.lambda$executeRecursively$9(NodeTestTask.java:139)
	at org.junit.platform.engine.support.hierarchical.ThrowableCollector.execute(ThrowableCollector.java:73)
	at org.junit.platform.engine.support.hierarchical.NodeTestTask.executeRecursively(NodeTestTask.java:138)
	at org.junit.platform.engine.support.hierarchical.NodeTestTask.execute(NodeTestTask.java:95)
	at org.junit.platform.engine.support.hierarchical.SameThreadHierarchicalTestExecutorService.submit(SameThreadHierarchicalTestExecutorService.java:35)
	at org.junit.platform.engine.support.hierarchical.HierarchicalTestExecutor.execute(HierarchicalTestExecutor.java:57)
	at org.junit.platform.engine.support.hierarchical.HierarchicalTestEngine.execute(HierarchicalTestEngine.java:54)
	at org.junit.platform.launcher.core.EngineExecutionOrchestrator.execute(EngineExecutionOrchestrator.java:107)
	at org.junit.platform.launcher.core.EngineExecutionOrchestrator.execute(EngineExecutionOrchestrator.java:88)
	at org.junit.platform.launcher.core.EngineExecutionOrchestrator.lambda$execute$0(EngineExecutionOrchestrator.java:54)
	at org.junit.platform.launcher.core.EngineExecutionOrchestrator.withInterceptedStreams(EngineExecutionOrchestrator.java:67)
	at org.junit.platform.launcher.core.EngineExecutionOrchestrator.execute(EngineExecutionOrchestrator.java:52)
	at org.junit.platform.launcher.core.DefaultLauncher.execute(DefaultLauncher.java:114)
	at org.junit.platform.launcher.core.DefaultLauncher.execute(DefaultLauncher.java:86)
	at org.junit.platform.launcher.core.DefaultLauncherSession$DelegatingLauncher.execute(DefaultLauncherSession.java:86)
	at org.junit.platform.launcher.core.SessionPerRequestLauncher.execute(SessionPerRequestLauncher.java:53)
	at com.intellij.junit5.JUnit5IdeaTestRunner.startRunnerWithArgs(JUnit5IdeaTestRunner.java:71)
	at com.intellij.rt.junit.IdeaTestRunner$Repeater$1.execute(IdeaTestRunner.java:38)
	at com.intellij.rt.execution.junit.TestsRepeater.repeat(TestsRepeater.java:11)
	at com.intellij.rt.junit.IdeaTestRunner$Repeater.startRunnerWithArgs(IdeaTestRunner.java:35)
	at com.intellij.rt.junit.JUnitStarter.prepareStreamsAndStart(JUnitStarter.java:235)
	at com.intellij.rt.junit.JUnitStarter.main(JUnitStarter.java:54)
Caused by: org.springframework.beans.factory.BeanCreationException: Error creating bean with name 'redisTemplate' defined in class path resource [com/zs/config/RedisConfig.class]: Invocation of init method failed; nested exception is java.lang.IllegalStateException: RedisConnectionFactory is required
	at org.springframework.beans.factory.support.AbstractAutowireCapableBeanFactory.initializeBean(AbstractAutowireCapableBeanFactory.java:1804)
	at org.springframework.beans.factory.support.AbstractAutowireCapableBeanFactory.doCreateBean(AbstractAutowireCapableBeanFactory.java:620)
	at org.springframework.beans.factory.support.AbstractAutowireCapableBeanFactory.createBean(AbstractAutowireCapableBeanFactory.java:542)
	at org.springframework.beans.factory.support.AbstractBeanFactory.lambda$doGetBean$0(AbstractBeanFactory.java:335)
	at org.springframework.beans.factory.support.DefaultSingletonBeanRegistry.getSingleton(DefaultSingletonBeanRegistry.java:234)
	at org.springframework.beans.factory.support.AbstractBeanFactory.doGetBean(AbstractBeanFactory.java:333)
	at org.springframework.beans.factory.support.AbstractBeanFactory.getBean(AbstractBeanFactory.java:213)
	at org.springframework.beans.factory.support.AbstractAutowireCapableBeanFactory.resolveBeanByName(AbstractAutowireCapableBeanFactory.java:479)
	at org.springframework.context.annotation.CommonAnnotationBeanPostProcessor.autowireResource(CommonAnnotationBeanPostProcessor.java:550)
	at org.springframework.context.annotation.CommonAnnotationBeanPostProcessor.getResource(CommonAnnotationBeanPostProcessor.java:520)
	at org.springframework.context.annotation.CommonAnnotationBeanPostProcessor$ResourceElement.getResourceToInject(CommonAnnotationBeanPostProcessor.java:673)
	at org.springframework.beans.factory.annotation.InjectionMetadata$InjectedElement.inject(InjectionMetadata.java:228)
	at org.springframework.beans.factory.annotation.InjectionMetadata.inject(InjectionMetadata.java:119)
	at org.springframework.context.annotation.CommonAnnotationBeanPostProcessor.postProcessProperties(CommonAnnotationBeanPostProcessor.java:329)
	... 87 common frames omitted
Caused by: java.lang.IllegalStateException: RedisConnectionFactory is required
	at org.springframework.util.Assert.state(Assert.java:76)
	at org.springframework.data.redis.core.RedisAccessor.afterPropertiesSet(RedisAccessor.java:38)
	at org.springframework.data.redis.core.RedisTemplate.afterPropertiesSet(RedisTemplate.java:129)
	at org.springframework.beans.factory.support.AbstractAutowireCapableBeanFactory.invokeInitMethods(AbstractAutowireCapableBeanFactory.java:1863)
	at org.springframework.beans.factory.support.AbstractAutowireCapableBeanFactory.initializeBean(AbstractAutowireCapableBeanFactory.java:1800)
	... 100 common frames omitted
2022-03-09 12:52:28.804 ERROR o.springframework.test.context.TestContextManager - Caught exception while allowing TestExecutionListener [org.springframework.test.context.web.ServletTestExecutionListener@338fc1d8] to prepare test instance [com.zs.handler.RedisTest@23310248]
java.lang.IllegalStateException: Failed to load ApplicationContext
	at org.springframework.test.context.cache.DefaultCacheAwareContextLoaderDelegate.loadContext(DefaultCacheAwareContextLoaderDelegate.java:132)
	at org.springframework.test.context.support.DefaultTestContext.getApplicationContext(DefaultTestContext.java:124)
	at org.springframework.test.context.web.ServletTestExecutionListener.setUpRequestContextIfNecessary(ServletTestExecutionListener.java:190)
	at org.springframework.test.context.web.ServletTestExecutionListener.prepareTestInstance(ServletTestExecutionListener.java:132)
	at org.springframework.test.context.TestContextManager.prepareTestInstance(TestContextManager.java:248)
	at org.springframework.test.context.junit.jupiter.SpringExtension.postProcessTestInstance(SpringExtension.java:138)
	at org.junit.jupiter.engine.descriptor.ClassBasedTestDescriptor.lambda$invokeTestInstancePostProcessors$8(ClassBasedTestDescriptor.java:363)
	at org.junit.jupiter.engine.descriptor.ClassBasedTestDescriptor.executeAndMaskThrowable(ClassBasedTestDescriptor.java:368)
	at org.junit.jupiter.engine.descriptor.ClassBasedTestDescriptor.lambda$invokeTestInstancePostProcessors$9(ClassBasedTestDescriptor.java:363)
	at java.util.stream.ReferencePipeline$3$1.accept(ReferencePipeline.java:193)
	at java.util.stream.ReferencePipeline$2$1.accept(ReferencePipeline.java:175)
	at java.util.ArrayList$ArrayListSpliterator.forEachRemaining(ArrayList.java:1374)
	at java.util.stream.AbstractPipeline.copyInto(AbstractPipeline.java:481)
	at java.util.stream.AbstractPipeline.wrapAndCopyInto(AbstractPipeline.java:471)
	at java.util.stream.StreamSpliterators$WrappingSpliterator.forEachRemaining(StreamSpliterators.java:312)
	at java.util.stream.Streams$ConcatSpliterator.forEachRemaining(Streams.java:743)
	at java.util.stream.Streams$ConcatSpliterator.forEachRemaining(Streams.java:742)
	at java.util.stream.ReferencePipeline$Head.forEach(ReferencePipeline.java:580)
	at org.junit.jupiter.engine.descriptor.ClassBasedTestDescriptor.invokeTestInstancePostProcessors(ClassBasedTestDescriptor.java:362)
	at org.junit.jupiter.engine.descriptor.ClassBasedTestDescriptor.lambda$instantiateAndPostProcessTestInstance$6(ClassBasedTestDescriptor.java:283)
	at org.junit.platform.engine.support.hierarchical.ThrowableCollector.execute(ThrowableCollector.java:73)
	at org.junit.jupiter.engine.descriptor.ClassBasedTestDescriptor.instantiateAndPostProcessTestInstance(ClassBasedTestDescriptor.java:282)
	at org.junit.jupiter.engine.descriptor.ClassBasedTestDescriptor.lambda$testInstancesProvider$4(ClassBasedTestDescriptor.java:272)
	at java.util.Optional.orElseGet(Optional.java:267)
	at org.junit.jupiter.engine.descriptor.ClassBasedTestDescriptor.lambda$testInstancesProvider$5(ClassBasedTestDescriptor.java:271)
	at org.junit.jupiter.engine.execution.TestInstancesProvider.getTestInstances(TestInstancesProvider.java:31)
	at org.junit.jupiter.engine.descriptor.TestMethodTestDescriptor.lambda$prepare$0(TestMethodTestDescriptor.java:102)
	at org.junit.platform.engine.support.hierarchical.ThrowableCollector.execute(ThrowableCollector.java:73)
	at org.junit.jupiter.engine.descriptor.TestMethodTestDescriptor.prepare(TestMethodTestDescriptor.java:101)
	at org.junit.jupiter.engine.descriptor.TestMethodTestDescriptor.prepare(TestMethodTestDescriptor.java:66)
	at org.junit.platform.engine.support.hierarchical.NodeTestTask.lambda$prepare$2(NodeTestTask.java:123)
	at org.junit.platform.engine.support.hierarchical.ThrowableCollector.execute(ThrowableCollector.java:73)
	at org.junit.platform.engine.support.hierarchical.NodeTestTask.prepare(NodeTestTask.java:123)
	at org.junit.platform.engine.support.hierarchical.NodeTestTask.execute(NodeTestTask.java:90)
	at java.util.ArrayList.forEach(ArrayList.java:1249)
	at org.junit.platform.engine.support.hierarchical.SameThreadHierarchicalTestExecutorService.invokeAll(SameThreadHierarchicalTestExecutorService.java:41)
	at org.junit.platform.engine.support.hierarchical.NodeTestTask.lambda$executeRecursively$6(NodeTestTask.java:155)
	at org.junit.platform.engine.support.hierarchical.ThrowableCollector.execute(ThrowableCollector.java:73)
	at org.junit.platform.engine.support.hierarchical.NodeTestTask.lambda$executeRecursively$8(NodeTestTask.java:141)
	at org.junit.platform.engine.support.hierarchical.Node.around(Node.java:137)
	at org.junit.platform.engine.support.hierarchical.NodeTestTask.lambda$executeRecursively$9(NodeTestTask.java:139)
	at org.junit.platform.engine.support.hierarchical.ThrowableCollector.execute(ThrowableCollector.java:73)
	at org.junit.platform.engine.support.hierarchical.NodeTestTask.executeRecursively(NodeTestTask.java:138)
	at org.junit.platform.engine.support.hierarchical.NodeTestTask.execute(NodeTestTask.java:95)
	at java.util.ArrayList.forEach(ArrayList.java:1249)
	at org.junit.platform.engine.support.hierarchical.SameThreadHierarchicalTestExecutorService.invokeAll(SameThreadHierarchicalTestExecutorService.java:41)
	at org.junit.platform.engine.support.hierarchical.NodeTestTask.lambda$executeRecursively$6(NodeTestTask.java:155)
	at org.junit.platform.engine.support.hierarchical.ThrowableCollector.execute(ThrowableCollector.java:73)
	at org.junit.platform.engine.support.hierarchical.NodeTestTask.lambda$executeRecursively$8(NodeTestTask.java:141)
	at org.junit.platform.engine.support.hierarchical.Node.around(Node.java:137)
	at org.junit.platform.engine.support.hierarchical.NodeTestTask.lambda$executeRecursively$9(NodeTestTask.java:139)
	at org.junit.platform.engine.support.hierarchical.ThrowableCollector.execute(ThrowableCollector.java:73)
	at org.junit.platform.engine.support.hierarchical.NodeTestTask.executeRecursively(NodeTestTask.java:138)
	at org.junit.platform.engine.support.hierarchical.NodeTestTask.execute(NodeTestTask.java:95)
	at org.junit.platform.engine.support.hierarchical.SameThreadHierarchicalTestExecutorService.submit(SameThreadHierarchicalTestExecutorService.java:35)
	at org.junit.platform.engine.support.hierarchical.HierarchicalTestExecutor.execute(HierarchicalTestExecutor.java:57)
	at org.junit.platform.engine.support.hierarchical.HierarchicalTestEngine.execute(HierarchicalTestEngine.java:54)
	at org.junit.platform.launcher.core.EngineExecutionOrchestrator.execute(EngineExecutionOrchestrator.java:107)
	at org.junit.platform.launcher.core.EngineExecutionOrchestrator.execute(EngineExecutionOrchestrator.java:88)
	at org.junit.platform.launcher.core.EngineExecutionOrchestrator.lambda$execute$0(EngineExecutionOrchestrator.java:54)
	at org.junit.platform.launcher.core.EngineExecutionOrchestrator.withInterceptedStreams(EngineExecutionOrchestrator.java:67)
	at org.junit.platform.launcher.core.EngineExecutionOrchestrator.execute(EngineExecutionOrchestrator.java:52)
	at org.junit.platform.launcher.core.DefaultLauncher.execute(DefaultLauncher.java:114)
	at org.junit.platform.launcher.core.DefaultLauncher.execute(DefaultLauncher.java:86)
	at org.junit.platform.launcher.core.DefaultLauncherSession$DelegatingLauncher.execute(DefaultLauncherSession.java:86)
	at org.junit.platform.launcher.core.SessionPerRequestLauncher.execute(SessionPerRequestLauncher.java:53)
	at com.intellij.junit5.JUnit5IdeaTestRunner.startRunnerWithArgs(JUnit5IdeaTestRunner.java:71)
	at com.intellij.rt.junit.IdeaTestRunner$Repeater$1.execute(IdeaTestRunner.java:38)
	at com.intellij.rt.execution.junit.TestsRepeater.repeat(TestsRepeater.java:11)
	at com.intellij.rt.junit.IdeaTestRunner$Repeater.startRunnerWithArgs(IdeaTestRunner.java:35)
	at com.intellij.rt.junit.JUnitStarter.prepareStreamsAndStart(JUnitStarter.java:235)
	at com.intellij.rt.junit.JUnitStarter.main(JUnitStarter.java:54)
Caused by: org.springframework.beans.factory.BeanCreationException: Error creating bean with name 'redisUtils': Injection of resource dependencies failed; nested exception is org.springframework.beans.factory.BeanCreationException: Error creating bean with name 'redisTemplate' defined in class path resource [com/zs/config/RedisConfig.class]: Invocation of init method failed; nested exception is java.lang.IllegalStateException: RedisConnectionFactory is required
	at org.springframework.context.annotation.CommonAnnotationBeanPostProcessor.postProcessProperties(CommonAnnotationBeanPostProcessor.java:332)
	at org.springframework.beans.factory.support.AbstractAutowireCapableBeanFactory.populateBean(AbstractAutowireCapableBeanFactory.java:1431)
	at org.springframework.beans.factory.support.AbstractAutowireCapableBeanFactory.doCreateBean(AbstractAutowireCapableBeanFactory.java:619)
	at org.springframework.beans.factory.support.AbstractAutowireCapableBeanFactory.createBean(AbstractAutowireCapableBeanFactory.java:542)
	at org.springframework.beans.factory.support.AbstractBeanFactory.lambda$doGetBean$0(AbstractBeanFactory.java:335)
	at org.springframework.beans.factory.support.DefaultSingletonBeanRegistry.getSingleton(DefaultSingletonBeanRegistry.java:234)
	at org.springframework.beans.factory.support.AbstractBeanFactory.doGetBean(AbstractBeanFactory.java:333)
	at org.springframework.beans.factory.support.AbstractBeanFactory.getBean(AbstractBeanFactory.java:208)
	at org.springframework.beans.factory.support.DefaultListableBeanFactory.preInstantiateSingletons(DefaultListableBeanFactory.java:953)
	at org.springframework.context.support.AbstractApplicationContext.finishBeanFactoryInitialization(AbstractApplicationContext.java:918)
	at org.springframework.context.support.AbstractApplicationContext.refresh(AbstractApplicationContext.java:583)
	at org.springframework.boot.SpringApplication.refresh(SpringApplication.java:732)
	at org.springframework.boot.SpringApplication.refreshContext(SpringApplication.java:414)
	at org.springframework.boot.SpringApplication.run(SpringApplication.java:302)
	at org.springframework.boot.test.context.SpringBootContextLoader.loadContext(SpringBootContextLoader.java:136)
	at org.springframework.test.context.cache.DefaultCacheAwareContextLoaderDelegate.loadContextInternal(DefaultCacheAwareContextLoaderDelegate.java:99)
	at org.springframework.test.context.cache.DefaultCacheAwareContextLoaderDelegate.loadContext(DefaultCacheAwareContextLoaderDelegate.java:124)
	... 71 common frames omitted
Caused by: org.springframework.beans.factory.BeanCreationException: Error creating bean with name 'redisTemplate' defined in class path resource [com/zs/config/RedisConfig.class]: Invocation of init method failed; nested exception is java.lang.IllegalStateException: RedisConnectionFactory is required
	at org.springframework.beans.factory.support.AbstractAutowireCapableBeanFactory.initializeBean(AbstractAutowireCapableBeanFactory.java:1804)
	at org.springframework.beans.factory.support.AbstractAutowireCapableBeanFactory.doCreateBean(AbstractAutowireCapableBeanFactory.java:620)
	at org.springframework.beans.factory.support.AbstractAutowireCapableBeanFactory.createBean(AbstractAutowireCapableBeanFactory.java:542)
	at org.springframework.beans.factory.support.AbstractBeanFactory.lambda$doGetBean$0(AbstractBeanFactory.java:335)
	at org.springframework.beans.factory.support.DefaultSingletonBeanRegistry.getSingleton(DefaultSingletonBeanRegistry.java:234)
	at org.springframework.beans.factory.support.AbstractBeanFactory.doGetBean(AbstractBeanFactory.java:333)
	at org.springframework.beans.factory.support.AbstractBeanFactory.getBean(AbstractBeanFactory.java:213)
	at org.springframework.beans.factory.support.AbstractAutowireCapableBeanFactory.resolveBeanByName(AbstractAutowireCapableBeanFactory.java:479)
	at org.springframework.context.annotation.CommonAnnotationBeanPostProcessor.autowireResource(CommonAnnotationBeanPostProcessor.java:550)
	at org.springframework.context.annotation.CommonAnnotationBeanPostProcessor.getResource(CommonAnnotationBeanPostProcessor.java:520)
	at org.springframework.context.annotation.CommonAnnotationBeanPostProcessor$ResourceElement.getResourceToInject(CommonAnnotationBeanPostProcessor.java:673)
	at org.springframework.beans.factory.annotation.InjectionMetadata$InjectedElement.inject(InjectionMetadata.java:228)
	at org.springframework.beans.factory.annotation.InjectionMetadata.inject(InjectionMetadata.java:119)
	at org.springframework.context.annotation.CommonAnnotationBeanPostProcessor.postProcessProperties(CommonAnnotationBeanPostProcessor.java:329)
	... 87 common frames omitted
Caused by: java.lang.IllegalStateException: RedisConnectionFactory is required
	at org.springframework.util.Assert.state(Assert.java:76)
	at org.springframework.data.redis.core.RedisAccessor.afterPropertiesSet(RedisAccessor.java:38)
	at org.springframework.data.redis.core.RedisTemplate.afterPropertiesSet(RedisTemplate.java:129)
	at org.springframework.beans.factory.support.AbstractAutowireCapableBeanFactory.invokeInitMethods(AbstractAutowireCapableBeanFactory.java:1863)
	at org.springframework.beans.factory.support.AbstractAutowireCapableBeanFactory.initializeBean(AbstractAutowireCapableBeanFactory.java:1800)
	... 100 common frames omitted
2022-03-09 12:53:39.447 INFO  com.zs.handler.RedisTest - Starting RedisTest using Java 1.8.0_144 on Air-20210908VSZ with PID 91252 (started by Air in D:\IDEA_workspace01\blog)
2022-03-09 12:53:39.447 DEBUG com.zs.handler.RedisTest - Running with Spring Boot v2.6.3, Spring v5.3.15
2022-03-09 12:53:39.447 INFO  com.zs.handler.RedisTest - No active profile set, falling back to default profiles: default
2022-03-09 12:53:40.404 INFO  o.s.d.r.config.RepositoryConfigurationDelegate - Multiple Spring Data modules found, entering strict repository configuration mode!
2022-03-09 12:53:40.420 INFO  o.s.d.r.config.RepositoryConfigurationDelegate - Bootstrapping Spring Data Redis repositories in DEFAULT mode.
2022-03-09 12:53:40.451 INFO  o.s.d.r.config.RepositoryConfigurationDelegate - Finished Spring Data repository scanning in 13 ms. Found 0 Redis repository interfaces.
2022-03-09 12:53:41.353 INFO  c.a.d.s.b.a.DruidDataSourceAutoConfigure - Init DruidDataSource
2022-03-09 12:53:41.604 INFO  com.alibaba.druid.pool.DruidDataSource - {dataSource-1} inited
2022-03-09 12:53:42.957 WARN  o.s.w.context.support.GenericWebApplicationContext - Exception encountered during context initialization - cancelling refresh attempt: org.springframework.beans.factory.BeanCreationException: Error creating bean with name 'redisUtils': Injection of resource dependencies failed; nested exception is org.springframework.beans.factory.BeanCreationException: Error creating bean with name 'redisTemplate' defined in class path resource [com/zs/config/RedisConfig.class]: Invocation of init method failed; nested exception is java.lang.IllegalStateException: RedisConnectionFactory is required
2022-03-09 12:53:42.988 INFO  com.alibaba.druid.pool.DruidDataSource - {dataSource-1} closing ...
2022-03-09 12:53:42.988 INFO  com.alibaba.druid.pool.DruidDataSource - {dataSource-1} closed
2022-03-09 12:53:43.004 INFO  o.s.b.a.l.ConditionEvaluationReportLoggingListener - 

Error starting ApplicationContext. To display the conditions report re-run your application with 'debug' enabled.
2022-03-09 12:53:43.051 ERROR org.springframework.boot.SpringApplication - Application run failed
org.springframework.beans.factory.BeanCreationException: Error creating bean with name 'redisUtils': Injection of resource dependencies failed; nested exception is org.springframework.beans.factory.BeanCreationException: Error creating bean with name 'redisTemplate' defined in class path resource [com/zs/config/RedisConfig.class]: Invocation of init method failed; nested exception is java.lang.IllegalStateException: RedisConnectionFactory is required
	at org.springframework.context.annotation.CommonAnnotationBeanPostProcessor.postProcessProperties(CommonAnnotationBeanPostProcessor.java:332)
	at org.springframework.beans.factory.support.AbstractAutowireCapableBeanFactory.populateBean(AbstractAutowireCapableBeanFactory.java:1431)
	at org.springframework.beans.factory.support.AbstractAutowireCapableBeanFactory.doCreateBean(AbstractAutowireCapableBeanFactory.java:619)
	at org.springframework.beans.factory.support.AbstractAutowireCapableBeanFactory.createBean(AbstractAutowireCapableBeanFactory.java:542)
	at org.springframework.beans.factory.support.AbstractBeanFactory.lambda$doGetBean$0(AbstractBeanFactory.java:335)
	at org.springframework.beans.factory.support.DefaultSingletonBeanRegistry.getSingleton(DefaultSingletonBeanRegistry.java:234)
	at org.springframework.beans.factory.support.AbstractBeanFactory.doGetBean(AbstractBeanFactory.java:333)
	at org.springframework.beans.factory.support.AbstractBeanFactory.getBean(AbstractBeanFactory.java:208)
	at org.springframework.beans.factory.support.DefaultListableBeanFactory.preInstantiateSingletons(DefaultListableBeanFactory.java:953)
	at org.springframework.context.support.AbstractApplicationContext.finishBeanFactoryInitialization(AbstractApplicationContext.java:918)
	at org.springframework.context.support.AbstractApplicationContext.refresh(AbstractApplicationContext.java:583)
	at org.springframework.boot.SpringApplication.refresh(SpringApplication.java:732)
	at org.springframework.boot.SpringApplication.refreshContext(SpringApplication.java:414)
	at org.springframework.boot.SpringApplication.run(SpringApplication.java:302)
	at org.springframework.boot.test.context.SpringBootContextLoader.loadContext(SpringBootContextLoader.java:136)
	at org.springframework.test.context.cache.DefaultCacheAwareContextLoaderDelegate.loadContextInternal(DefaultCacheAwareContextLoaderDelegate.java:99)
	at org.springframework.test.context.cache.DefaultCacheAwareContextLoaderDelegate.loadContext(DefaultCacheAwareContextLoaderDelegate.java:124)
	at org.springframework.test.context.support.DefaultTestContext.getApplicationContext(DefaultTestContext.java:124)
	at org.springframework.test.context.web.ServletTestExecutionListener.setUpRequestContextIfNecessary(ServletTestExecutionListener.java:190)
	at org.springframework.test.context.web.ServletTestExecutionListener.prepareTestInstance(ServletTestExecutionListener.java:132)
	at org.springframework.test.context.TestContextManager.prepareTestInstance(TestContextManager.java:248)
	at org.springframework.test.context.junit.jupiter.SpringExtension.postProcessTestInstance(SpringExtension.java:138)
	at org.junit.jupiter.engine.descriptor.ClassBasedTestDescriptor.lambda$invokeTestInstancePostProcessors$8(ClassBasedTestDescriptor.java:363)
	at org.junit.jupiter.engine.descriptor.ClassBasedTestDescriptor.executeAndMaskThrowable(ClassBasedTestDescriptor.java:368)
	at org.junit.jupiter.engine.descriptor.ClassBasedTestDescriptor.lambda$invokeTestInstancePostProcessors$9(ClassBasedTestDescriptor.java:363)
	at java.util.stream.ReferencePipeline$3$1.accept(ReferencePipeline.java:193)
	at java.util.stream.ReferencePipeline$2$1.accept(ReferencePipeline.java:175)
	at java.util.ArrayList$ArrayListSpliterator.forEachRemaining(ArrayList.java:1374)
	at java.util.stream.AbstractPipeline.copyInto(AbstractPipeline.java:481)
	at java.util.stream.AbstractPipeline.wrapAndCopyInto(AbstractPipeline.java:471)
	at java.util.stream.StreamSpliterators$WrappingSpliterator.forEachRemaining(StreamSpliterators.java:312)
	at java.util.stream.Streams$ConcatSpliterator.forEachRemaining(Streams.java:743)
	at java.util.stream.Streams$ConcatSpliterator.forEachRemaining(Streams.java:742)
	at java.util.stream.ReferencePipeline$Head.forEach(ReferencePipeline.java:580)
	at org.junit.jupiter.engine.descriptor.ClassBasedTestDescriptor.invokeTestInstancePostProcessors(ClassBasedTestDescriptor.java:362)
	at org.junit.jupiter.engine.descriptor.ClassBasedTestDescriptor.lambda$instantiateAndPostProcessTestInstance$6(ClassBasedTestDescriptor.java:283)
	at org.junit.platform.engine.support.hierarchical.ThrowableCollector.execute(ThrowableCollector.java:73)
	at org.junit.jupiter.engine.descriptor.ClassBasedTestDescriptor.instantiateAndPostProcessTestInstance(ClassBasedTestDescriptor.java:282)
	at org.junit.jupiter.engine.descriptor.ClassBasedTestDescriptor.lambda$testInstancesProvider$4(ClassBasedTestDescriptor.java:272)
	at java.util.Optional.orElseGet(Optional.java:267)
	at org.junit.jupiter.engine.descriptor.ClassBasedTestDescriptor.lambda$testInstancesProvider$5(ClassBasedTestDescriptor.java:271)
	at org.junit.jupiter.engine.execution.TestInstancesProvider.getTestInstances(TestInstancesProvider.java:31)
	at org.junit.jupiter.engine.descriptor.TestMethodTestDescriptor.lambda$prepare$0(TestMethodTestDescriptor.java:102)
	at org.junit.platform.engine.support.hierarchical.ThrowableCollector.execute(ThrowableCollector.java:73)
	at org.junit.jupiter.engine.descriptor.TestMethodTestDescriptor.prepare(TestMethodTestDescriptor.java:101)
	at org.junit.jupiter.engine.descriptor.TestMethodTestDescriptor.prepare(TestMethodTestDescriptor.java:66)
	at org.junit.platform.engine.support.hierarchical.NodeTestTask.lambda$prepare$2(NodeTestTask.java:123)
	at org.junit.platform.engine.support.hierarchical.ThrowableCollector.execute(ThrowableCollector.java:73)
	at org.junit.platform.engine.support.hierarchical.NodeTestTask.prepare(NodeTestTask.java:123)
	at org.junit.platform.engine.support.hierarchical.NodeTestTask.execute(NodeTestTask.java:90)
	at java.util.ArrayList.forEach(ArrayList.java:1249)
	at org.junit.platform.engine.support.hierarchical.SameThreadHierarchicalTestExecutorService.invokeAll(SameThreadHierarchicalTestExecutorService.java:41)
	at org.junit.platform.engine.support.hierarchical.NodeTestTask.lambda$executeRecursively$6(NodeTestTask.java:155)
	at org.junit.platform.engine.support.hierarchical.ThrowableCollector.execute(ThrowableCollector.java:73)
	at org.junit.platform.engine.support.hierarchical.NodeTestTask.lambda$executeRecursively$8(NodeTestTask.java:141)
	at org.junit.platform.engine.support.hierarchical.Node.around(Node.java:137)
	at org.junit.platform.engine.support.hierarchical.NodeTestTask.lambda$executeRecursively$9(NodeTestTask.java:139)
	at org.junit.platform.engine.support.hierarchical.ThrowableCollector.execute(ThrowableCollector.java:73)
	at org.junit.platform.engine.support.hierarchical.NodeTestTask.executeRecursively(NodeTestTask.java:138)
	at org.junit.platform.engine.support.hierarchical.NodeTestTask.execute(NodeTestTask.java:95)
	at java.util.ArrayList.forEach(ArrayList.java:1249)
	at org.junit.platform.engine.support.hierarchical.SameThreadHierarchicalTestExecutorService.invokeAll(SameThreadHierarchicalTestExecutorService.java:41)
	at org.junit.platform.engine.support.hierarchical.NodeTestTask.lambda$executeRecursively$6(NodeTestTask.java:155)
	at org.junit.platform.engine.support.hierarchical.ThrowableCollector.execute(ThrowableCollector.java:73)
	at org.junit.platform.engine.support.hierarchical.NodeTestTask.lambda$executeRecursively$8(NodeTestTask.java:141)
	at org.junit.platform.engine.support.hierarchical.Node.around(Node.java:137)
	at org.junit.platform.engine.support.hierarchical.NodeTestTask.lambda$executeRecursively$9(NodeTestTask.java:139)
	at org.junit.platform.engine.support.hierarchical.ThrowableCollector.execute(ThrowableCollector.java:73)
	at org.junit.platform.engine.support.hierarchical.NodeTestTask.executeRecursively(NodeTestTask.java:138)
	at org.junit.platform.engine.support.hierarchical.NodeTestTask.execute(NodeTestTask.java:95)
	at org.junit.platform.engine.support.hierarchical.SameThreadHierarchicalTestExecutorService.submit(SameThreadHierarchicalTestExecutorService.java:35)
	at org.junit.platform.engine.support.hierarchical.HierarchicalTestExecutor.execute(HierarchicalTestExecutor.java:57)
	at org.junit.platform.engine.support.hierarchical.HierarchicalTestEngine.execute(HierarchicalTestEngine.java:54)
	at org.junit.platform.launcher.core.EngineExecutionOrchestrator.execute(EngineExecutionOrchestrator.java:107)
	at org.junit.platform.launcher.core.EngineExecutionOrchestrator.execute(EngineExecutionOrchestrator.java:88)
	at org.junit.platform.launcher.core.EngineExecutionOrchestrator.lambda$execute$0(EngineExecutionOrchestrator.java:54)
	at org.junit.platform.launcher.core.EngineExecutionOrchestrator.withInterceptedStreams(EngineExecutionOrchestrator.java:67)
	at org.junit.platform.launcher.core.EngineExecutionOrchestrator.execute(EngineExecutionOrchestrator.java:52)
	at org.junit.platform.launcher.core.DefaultLauncher.execute(DefaultLauncher.java:114)
	at org.junit.platform.launcher.core.DefaultLauncher.execute(DefaultLauncher.java:86)
	at org.junit.platform.launcher.core.DefaultLauncherSession$DelegatingLauncher.execute(DefaultLauncherSession.java:86)
	at org.junit.platform.launcher.core.SessionPerRequestLauncher.execute(SessionPerRequestLauncher.java:53)
	at com.intellij.junit5.JUnit5IdeaTestRunner.startRunnerWithArgs(JUnit5IdeaTestRunner.java:71)
	at com.intellij.rt.junit.IdeaTestRunner$Repeater$1.execute(IdeaTestRunner.java:38)
	at com.intellij.rt.execution.junit.TestsRepeater.repeat(TestsRepeater.java:11)
	at com.intellij.rt.junit.IdeaTestRunner$Repeater.startRunnerWithArgs(IdeaTestRunner.java:35)
	at com.intellij.rt.junit.JUnitStarter.prepareStreamsAndStart(JUnitStarter.java:235)
	at com.intellij.rt.junit.JUnitStarter.main(JUnitStarter.java:54)
Caused by: org.springframework.beans.factory.BeanCreationException: Error creating bean with name 'redisTemplate' defined in class path resource [com/zs/config/RedisConfig.class]: Invocation of init method failed; nested exception is java.lang.IllegalStateException: RedisConnectionFactory is required
	at org.springframework.beans.factory.support.AbstractAutowireCapableBeanFactory.initializeBean(AbstractAutowireCapableBeanFactory.java:1804)
	at org.springframework.beans.factory.support.AbstractAutowireCapableBeanFactory.doCreateBean(AbstractAutowireCapableBeanFactory.java:620)
	at org.springframework.beans.factory.support.AbstractAutowireCapableBeanFactory.createBean(AbstractAutowireCapableBeanFactory.java:542)
	at org.springframework.beans.factory.support.AbstractBeanFactory.lambda$doGetBean$0(AbstractBeanFactory.java:335)
	at org.springframework.beans.factory.support.DefaultSingletonBeanRegistry.getSingleton(DefaultSingletonBeanRegistry.java:234)
	at org.springframework.beans.factory.support.AbstractBeanFactory.doGetBean(AbstractBeanFactory.java:333)
	at org.springframework.beans.factory.support.AbstractBeanFactory.getBean(AbstractBeanFactory.java:213)
	at org.springframework.beans.factory.support.AbstractAutowireCapableBeanFactory.resolveBeanByName(AbstractAutowireCapableBeanFactory.java:479)
	at org.springframework.context.annotation.CommonAnnotationBeanPostProcessor.autowireResource(CommonAnnotationBeanPostProcessor.java:550)
	at org.springframework.context.annotation.CommonAnnotationBeanPostProcessor.getResource(CommonAnnotationBeanPostProcessor.java:520)
	at org.springframework.context.annotation.CommonAnnotationBeanPostProcessor$ResourceElement.getResourceToInject(CommonAnnotationBeanPostProcessor.java:673)
	at org.springframework.beans.factory.annotation.InjectionMetadata$InjectedElement.inject(InjectionMetadata.java:228)
	at org.springframework.beans.factory.annotation.InjectionMetadata.inject(InjectionMetadata.java:119)
	at org.springframework.context.annotation.CommonAnnotationBeanPostProcessor.postProcessProperties(CommonAnnotationBeanPostProcessor.java:329)
	... 87 common frames omitted
Caused by: java.lang.IllegalStateException: RedisConnectionFactory is required
	at org.springframework.util.Assert.state(Assert.java:76)
	at org.springframework.data.redis.core.RedisAccessor.afterPropertiesSet(RedisAccessor.java:38)
	at org.springframework.data.redis.core.RedisTemplate.afterPropertiesSet(RedisTemplate.java:129)
	at org.springframework.beans.factory.support.AbstractAutowireCapableBeanFactory.invokeInitMethods(AbstractAutowireCapableBeanFactory.java:1863)
	at org.springframework.beans.factory.support.AbstractAutowireCapableBeanFactory.initializeBean(AbstractAutowireCapableBeanFactory.java:1800)
	... 100 common frames omitted
2022-03-09 12:53:43.051 ERROR o.springframework.test.context.TestContextManager - Caught exception while allowing TestExecutionListener [org.springframework.test.context.web.ServletTestExecutionListener@338fc1d8] to prepare test instance [com.zs.handler.RedisTest@5f9f3e58]
java.lang.IllegalStateException: Failed to load ApplicationContext
	at org.springframework.test.context.cache.DefaultCacheAwareContextLoaderDelegate.loadContext(DefaultCacheAwareContextLoaderDelegate.java:132)
	at org.springframework.test.context.support.DefaultTestContext.getApplicationContext(DefaultTestContext.java:124)
	at org.springframework.test.context.web.ServletTestExecutionListener.setUpRequestContextIfNecessary(ServletTestExecutionListener.java:190)
	at org.springframework.test.context.web.ServletTestExecutionListener.prepareTestInstance(ServletTestExecutionListener.java:132)
	at org.springframework.test.context.TestContextManager.prepareTestInstance(TestContextManager.java:248)
	at org.springframework.test.context.junit.jupiter.SpringExtension.postProcessTestInstance(SpringExtension.java:138)
	at org.junit.jupiter.engine.descriptor.ClassBasedTestDescriptor.lambda$invokeTestInstancePostProcessors$8(ClassBasedTestDescriptor.java:363)
	at org.junit.jupiter.engine.descriptor.ClassBasedTestDescriptor.executeAndMaskThrowable(ClassBasedTestDescriptor.java:368)
	at org.junit.jupiter.engine.descriptor.ClassBasedTestDescriptor.lambda$invokeTestInstancePostProcessors$9(ClassBasedTestDescriptor.java:363)
	at java.util.stream.ReferencePipeline$3$1.accept(ReferencePipeline.java:193)
	at java.util.stream.ReferencePipeline$2$1.accept(ReferencePipeline.java:175)
	at java.util.ArrayList$ArrayListSpliterator.forEachRemaining(ArrayList.java:1374)
	at java.util.stream.AbstractPipeline.copyInto(AbstractPipeline.java:481)
	at java.util.stream.AbstractPipeline.wrapAndCopyInto(AbstractPipeline.java:471)
	at java.util.stream.StreamSpliterators$WrappingSpliterator.forEachRemaining(StreamSpliterators.java:312)
	at java.util.stream.Streams$ConcatSpliterator.forEachRemaining(Streams.java:743)
	at java.util.stream.Streams$ConcatSpliterator.forEachRemaining(Streams.java:742)
	at java.util.stream.ReferencePipeline$Head.forEach(ReferencePipeline.java:580)
	at org.junit.jupiter.engine.descriptor.ClassBasedTestDescriptor.invokeTestInstancePostProcessors(ClassBasedTestDescriptor.java:362)
	at org.junit.jupiter.engine.descriptor.ClassBasedTestDescriptor.lambda$instantiateAndPostProcessTestInstance$6(ClassBasedTestDescriptor.java:283)
	at org.junit.platform.engine.support.hierarchical.ThrowableCollector.execute(ThrowableCollector.java:73)
	at org.junit.jupiter.engine.descriptor.ClassBasedTestDescriptor.instantiateAndPostProcessTestInstance(ClassBasedTestDescriptor.java:282)
	at org.junit.jupiter.engine.descriptor.ClassBasedTestDescriptor.lambda$testInstancesProvider$4(ClassBasedTestDescriptor.java:272)
	at java.util.Optional.orElseGet(Optional.java:267)
	at org.junit.jupiter.engine.descriptor.ClassBasedTestDescriptor.lambda$testInstancesProvider$5(ClassBasedTestDescriptor.java:271)
	at org.junit.jupiter.engine.execution.TestInstancesProvider.getTestInstances(TestInstancesProvider.java:31)
	at org.junit.jupiter.engine.descriptor.TestMethodTestDescriptor.lambda$prepare$0(TestMethodTestDescriptor.java:102)
	at org.junit.platform.engine.support.hierarchical.ThrowableCollector.execute(ThrowableCollector.java:73)
	at org.junit.jupiter.engine.descriptor.TestMethodTestDescriptor.prepare(TestMethodTestDescriptor.java:101)
	at org.junit.jupiter.engine.descriptor.TestMethodTestDescriptor.prepare(TestMethodTestDescriptor.java:66)
	at org.junit.platform.engine.support.hierarchical.NodeTestTask.lambda$prepare$2(NodeTestTask.java:123)
	at org.junit.platform.engine.support.hierarchical.ThrowableCollector.execute(ThrowableCollector.java:73)
	at org.junit.platform.engine.support.hierarchical.NodeTestTask.prepare(NodeTestTask.java:123)
	at org.junit.platform.engine.support.hierarchical.NodeTestTask.execute(NodeTestTask.java:90)
	at java.util.ArrayList.forEach(ArrayList.java:1249)
	at org.junit.platform.engine.support.hierarchical.SameThreadHierarchicalTestExecutorService.invokeAll(SameThreadHierarchicalTestExecutorService.java:41)
	at org.junit.platform.engine.support.hierarchical.NodeTestTask.lambda$executeRecursively$6(NodeTestTask.java:155)
	at org.junit.platform.engine.support.hierarchical.ThrowableCollector.execute(ThrowableCollector.java:73)
	at org.junit.platform.engine.support.hierarchical.NodeTestTask.lambda$executeRecursively$8(NodeTestTask.java:141)
	at org.junit.platform.engine.support.hierarchical.Node.around(Node.java:137)
	at org.junit.platform.engine.support.hierarchical.NodeTestTask.lambda$executeRecursively$9(NodeTestTask.java:139)
	at org.junit.platform.engine.support.hierarchical.ThrowableCollector.execute(ThrowableCollector.java:73)
	at org.junit.platform.engine.support.hierarchical.NodeTestTask.executeRecursively(NodeTestTask.java:138)
	at org.junit.platform.engine.support.hierarchical.NodeTestTask.execute(NodeTestTask.java:95)
	at java.util.ArrayList.forEach(ArrayList.java:1249)
	at org.junit.platform.engine.support.hierarchical.SameThreadHierarchicalTestExecutorService.invokeAll(SameThreadHierarchicalTestExecutorService.java:41)
	at org.junit.platform.engine.support.hierarchical.NodeTestTask.lambda$executeRecursively$6(NodeTestTask.java:155)
	at org.junit.platform.engine.support.hierarchical.ThrowableCollector.execute(ThrowableCollector.java:73)
	at org.junit.platform.engine.support.hierarchical.NodeTestTask.lambda$executeRecursively$8(NodeTestTask.java:141)
	at org.junit.platform.engine.support.hierarchical.Node.around(Node.java:137)
	at org.junit.platform.engine.support.hierarchical.NodeTestTask.lambda$executeRecursively$9(NodeTestTask.java:139)
	at org.junit.platform.engine.support.hierarchical.ThrowableCollector.execute(ThrowableCollector.java:73)
	at org.junit.platform.engine.support.hierarchical.NodeTestTask.executeRecursively(NodeTestTask.java:138)
	at org.junit.platform.engine.support.hierarchical.NodeTestTask.execute(NodeTestTask.java:95)
	at org.junit.platform.engine.support.hierarchical.SameThreadHierarchicalTestExecutorService.submit(SameThreadHierarchicalTestExecutorService.java:35)
	at org.junit.platform.engine.support.hierarchical.HierarchicalTestExecutor.execute(HierarchicalTestExecutor.java:57)
	at org.junit.platform.engine.support.hierarchical.HierarchicalTestEngine.execute(HierarchicalTestEngine.java:54)
	at org.junit.platform.launcher.core.EngineExecutionOrchestrator.execute(EngineExecutionOrchestrator.java:107)
	at org.junit.platform.launcher.core.EngineExecutionOrchestrator.execute(EngineExecutionOrchestrator.java:88)
	at org.junit.platform.launcher.core.EngineExecutionOrchestrator.lambda$execute$0(EngineExecutionOrchestrator.java:54)
	at org.junit.platform.launcher.core.EngineExecutionOrchestrator.withInterceptedStreams(EngineExecutionOrchestrator.java:67)
	at org.junit.platform.launcher.core.EngineExecutionOrchestrator.execute(EngineExecutionOrchestrator.java:52)
	at org.junit.platform.launcher.core.DefaultLauncher.execute(DefaultLauncher.java:114)
	at org.junit.platform.launcher.core.DefaultLauncher.execute(DefaultLauncher.java:86)
	at org.junit.platform.launcher.core.DefaultLauncherSession$DelegatingLauncher.execute(DefaultLauncherSession.java:86)
	at org.junit.platform.launcher.core.SessionPerRequestLauncher.execute(SessionPerRequestLauncher.java:53)
	at com.intellij.junit5.JUnit5IdeaTestRunner.startRunnerWithArgs(JUnit5IdeaTestRunner.java:71)
	at com.intellij.rt.junit.IdeaTestRunner$Repeater$1.execute(IdeaTestRunner.java:38)
	at com.intellij.rt.execution.junit.TestsRepeater.repeat(TestsRepeater.java:11)
	at com.intellij.rt.junit.IdeaTestRunner$Repeater.startRunnerWithArgs(IdeaTestRunner.java:35)
	at com.intellij.rt.junit.JUnitStarter.prepareStreamsAndStart(JUnitStarter.java:235)
	at com.intellij.rt.junit.JUnitStarter.main(JUnitStarter.java:54)
Caused by: org.springframework.beans.factory.BeanCreationException: Error creating bean with name 'redisUtils': Injection of resource dependencies failed; nested exception is org.springframework.beans.factory.BeanCreationException: Error creating bean with name 'redisTemplate' defined in class path resource [com/zs/config/RedisConfig.class]: Invocation of init method failed; nested exception is java.lang.IllegalStateException: RedisConnectionFactory is required
	at org.springframework.context.annotation.CommonAnnotationBeanPostProcessor.postProcessProperties(CommonAnnotationBeanPostProcessor.java:332)
	at org.springframework.beans.factory.support.AbstractAutowireCapableBeanFactory.populateBean(AbstractAutowireCapableBeanFactory.java:1431)
	at org.springframework.beans.factory.support.AbstractAutowireCapableBeanFactory.doCreateBean(AbstractAutowireCapableBeanFactory.java:619)
	at org.springframework.beans.factory.support.AbstractAutowireCapableBeanFactory.createBean(AbstractAutowireCapableBeanFactory.java:542)
	at org.springframework.beans.factory.support.AbstractBeanFactory.lambda$doGetBean$0(AbstractBeanFactory.java:335)
	at org.springframework.beans.factory.support.DefaultSingletonBeanRegistry.getSingleton(DefaultSingletonBeanRegistry.java:234)
	at org.springframework.beans.factory.support.AbstractBeanFactory.doGetBean(AbstractBeanFactory.java:333)
	at org.springframework.beans.factory.support.AbstractBeanFactory.getBean(AbstractBeanFactory.java:208)
	at org.springframework.beans.factory.support.DefaultListableBeanFactory.preInstantiateSingletons(DefaultListableBeanFactory.java:953)
	at org.springframework.context.support.AbstractApplicationContext.finishBeanFactoryInitialization(AbstractApplicationContext.java:918)
	at org.springframework.context.support.AbstractApplicationContext.refresh(AbstractApplicationContext.java:583)
	at org.springframework.boot.SpringApplication.refresh(SpringApplication.java:732)
	at org.springframework.boot.SpringApplication.refreshContext(SpringApplication.java:414)
	at org.springframework.boot.SpringApplication.run(SpringApplication.java:302)
	at org.springframework.boot.test.context.SpringBootContextLoader.loadContext(SpringBootContextLoader.java:136)
	at org.springframework.test.context.cache.DefaultCacheAwareContextLoaderDelegate.loadContextInternal(DefaultCacheAwareContextLoaderDelegate.java:99)
	at org.springframework.test.context.cache.DefaultCacheAwareContextLoaderDelegate.loadContext(DefaultCacheAwareContextLoaderDelegate.java:124)
	... 71 common frames omitted
Caused by: org.springframework.beans.factory.BeanCreationException: Error creating bean with name 'redisTemplate' defined in class path resource [com/zs/config/RedisConfig.class]: Invocation of init method failed; nested exception is java.lang.IllegalStateException: RedisConnectionFactory is required
	at org.springframework.beans.factory.support.AbstractAutowireCapableBeanFactory.initializeBean(AbstractAutowireCapableBeanFactory.java:1804)
	at org.springframework.beans.factory.support.AbstractAutowireCapableBeanFactory.doCreateBean(AbstractAutowireCapableBeanFactory.java:620)
	at org.springframework.beans.factory.support.AbstractAutowireCapableBeanFactory.createBean(AbstractAutowireCapableBeanFactory.java:542)
	at org.springframework.beans.factory.support.AbstractBeanFactory.lambda$doGetBean$0(AbstractBeanFactory.java:335)
	at org.springframework.beans.factory.support.DefaultSingletonBeanRegistry.getSingleton(DefaultSingletonBeanRegistry.java:234)
	at org.springframework.beans.factory.support.AbstractBeanFactory.doGetBean(AbstractBeanFactory.java:333)
	at org.springframework.beans.factory.support.AbstractBeanFactory.getBean(AbstractBeanFactory.java:213)
	at org.springframework.beans.factory.support.AbstractAutowireCapableBeanFactory.resolveBeanByName(AbstractAutowireCapableBeanFactory.java:479)
	at org.springframework.context.annotation.CommonAnnotationBeanPostProcessor.autowireResource(CommonAnnotationBeanPostProcessor.java:550)
	at org.springframework.context.annotation.CommonAnnotationBeanPostProcessor.getResource(CommonAnnotationBeanPostProcessor.java:520)
	at org.springframework.context.annotation.CommonAnnotationBeanPostProcessor$ResourceElement.getResourceToInject(CommonAnnotationBeanPostProcessor.java:673)
	at org.springframework.beans.factory.annotation.InjectionMetadata$InjectedElement.inject(InjectionMetadata.java:228)
	at org.springframework.beans.factory.annotation.InjectionMetadata.inject(InjectionMetadata.java:119)
	at org.springframework.context.annotation.CommonAnnotationBeanPostProcessor.postProcessProperties(CommonAnnotationBeanPostProcessor.java:329)
	... 87 common frames omitted
Caused by: java.lang.IllegalStateException: RedisConnectionFactory is required
	at org.springframework.util.Assert.state(Assert.java:76)
	at org.springframework.data.redis.core.RedisAccessor.afterPropertiesSet(RedisAccessor.java:38)
	at org.springframework.data.redis.core.RedisTemplate.afterPropertiesSet(RedisTemplate.java:129)
	at org.springframework.beans.factory.support.AbstractAutowireCapableBeanFactory.invokeInitMethods(AbstractAutowireCapableBeanFactory.java:1863)
	at org.springframework.beans.factory.support.AbstractAutowireCapableBeanFactory.initializeBean(AbstractAutowireCapableBeanFactory.java:1800)
	... 100 common frames omitted
2022-03-09 12:54:08.216 INFO  com.zs.handler.RedisTest - Starting RedisTest using Java 1.8.0_144 on Air-20210908VSZ with PID 79616 (started by Air in D:\IDEA_workspace01\blog)
2022-03-09 12:54:08.216 DEBUG com.zs.handler.RedisTest - Running with Spring Boot v2.6.3, Spring v5.3.15
2022-03-09 12:54:08.216 INFO  com.zs.handler.RedisTest - No active profile set, falling back to default profiles: default
2022-03-09 12:54:09.251 INFO  o.s.d.r.config.RepositoryConfigurationDelegate - Multiple Spring Data modules found, entering strict repository configuration mode!
2022-03-09 12:54:09.251 INFO  o.s.d.r.config.RepositoryConfigurationDelegate - Bootstrapping Spring Data Redis repositories in DEFAULT mode.
2022-03-09 12:54:09.298 INFO  o.s.d.r.config.RepositoryConfigurationDelegate - Finished Spring Data repository scanning in 15 ms. Found 0 Redis repository interfaces.
2022-03-09 12:54:10.240 INFO  c.a.d.s.b.a.DruidDataSourceAutoConfigure - Init DruidDataSource
2022-03-09 12:54:10.491 INFO  com.alibaba.druid.pool.DruidDataSource - {dataSource-1} inited
2022-03-09 12:54:11.243 WARN  o.s.w.context.support.GenericWebApplicationContext - Exception encountered during context initialization - cancelling refresh attempt: org.springframework.beans.factory.BeanCreationException: Error creating bean with name 'redisTemplate' defined in class path resource [com/zs/config/RedisConfig.class]: Invocation of init method failed; nested exception is java.lang.IllegalStateException: RedisConnectionFactory is required
2022-03-09 12:54:11.243 INFO  com.alibaba.druid.pool.DruidDataSource - {dataSource-1} closing ...
2022-03-09 12:54:11.243 INFO  com.alibaba.druid.pool.DruidDataSource - {dataSource-1} closed
2022-03-09 12:54:11.259 INFO  o.s.b.a.l.ConditionEvaluationReportLoggingListener - 

Error starting ApplicationContext. To display the conditions report re-run your application with 'debug' enabled.
2022-03-09 12:54:11.291 ERROR org.springframework.boot.SpringApplication - Application run failed
org.springframework.beans.factory.BeanCreationException: Error creating bean with name 'redisTemplate' defined in class path resource [com/zs/config/RedisConfig.class]: Invocation of init method failed; nested exception is java.lang.IllegalStateException: RedisConnectionFactory is required
	at org.springframework.beans.factory.support.AbstractAutowireCapableBeanFactory.initializeBean(AbstractAutowireCapableBeanFactory.java:1804)
	at org.springframework.beans.factory.support.AbstractAutowireCapableBeanFactory.doCreateBean(AbstractAutowireCapableBeanFactory.java:620)
	at org.springframework.beans.factory.support.AbstractAutowireCapableBeanFactory.createBean(AbstractAutowireCapableBeanFactory.java:542)
	at org.springframework.beans.factory.support.AbstractBeanFactory.lambda$doGetBean$0(AbstractBeanFactory.java:335)
	at org.springframework.beans.factory.support.DefaultSingletonBeanRegistry.getSingleton(DefaultSingletonBeanRegistry.java:234)
	at org.springframework.beans.factory.support.AbstractBeanFactory.doGetBean(AbstractBeanFactory.java:333)
	at org.springframework.beans.factory.support.AbstractBeanFactory.getBean(AbstractBeanFactory.java:208)
	at org.springframework.beans.factory.support.DefaultListableBeanFactory.preInstantiateSingletons(DefaultListableBeanFactory.java:953)
	at org.springframework.context.support.AbstractApplicationContext.finishBeanFactoryInitialization(AbstractApplicationContext.java:918)
	at org.springframework.context.support.AbstractApplicationContext.refresh(AbstractApplicationContext.java:583)
	at org.springframework.boot.SpringApplication.refresh(SpringApplication.java:732)
	at org.springframework.boot.SpringApplication.refreshContext(SpringApplication.java:414)
	at org.springframework.boot.SpringApplication.run(SpringApplication.java:302)
	at org.springframework.boot.test.context.SpringBootContextLoader.loadContext(SpringBootContextLoader.java:136)
	at org.springframework.test.context.cache.DefaultCacheAwareContextLoaderDelegate.loadContextInternal(DefaultCacheAwareContextLoaderDelegate.java:99)
	at org.springframework.test.context.cache.DefaultCacheAwareContextLoaderDelegate.loadContext(DefaultCacheAwareContextLoaderDelegate.java:124)
	at org.springframework.test.context.support.DefaultTestContext.getApplicationContext(DefaultTestContext.java:124)
	at org.springframework.test.context.web.ServletTestExecutionListener.setUpRequestContextIfNecessary(ServletTestExecutionListener.java:190)
	at org.springframework.test.context.web.ServletTestExecutionListener.prepareTestInstance(ServletTestExecutionListener.java:132)
	at org.springframework.test.context.TestContextManager.prepareTestInstance(TestContextManager.java:248)
	at org.springframework.test.context.junit.jupiter.SpringExtension.postProcessTestInstance(SpringExtension.java:138)
	at org.junit.jupiter.engine.descriptor.ClassBasedTestDescriptor.lambda$invokeTestInstancePostProcessors$8(ClassBasedTestDescriptor.java:363)
	at org.junit.jupiter.engine.descriptor.ClassBasedTestDescriptor.executeAndMaskThrowable(ClassBasedTestDescriptor.java:368)
	at org.junit.jupiter.engine.descriptor.ClassBasedTestDescriptor.lambda$invokeTestInstancePostProcessors$9(ClassBasedTestDescriptor.java:363)
	at java.util.stream.ReferencePipeline$3$1.accept(ReferencePipeline.java:193)
	at java.util.stream.ReferencePipeline$2$1.accept(ReferencePipeline.java:175)
	at java.util.ArrayList$ArrayListSpliterator.forEachRemaining(ArrayList.java:1374)
	at java.util.stream.AbstractPipeline.copyInto(AbstractPipeline.java:481)
	at java.util.stream.AbstractPipeline.wrapAndCopyInto(AbstractPipeline.java:471)
	at java.util.stream.StreamSpliterators$WrappingSpliterator.forEachRemaining(StreamSpliterators.java:312)
	at java.util.stream.Streams$ConcatSpliterator.forEachRemaining(Streams.java:743)
	at java.util.stream.Streams$ConcatSpliterator.forEachRemaining(Streams.java:742)
	at java.util.stream.ReferencePipeline$Head.forEach(ReferencePipeline.java:580)
	at org.junit.jupiter.engine.descriptor.ClassBasedTestDescriptor.invokeTestInstancePostProcessors(ClassBasedTestDescriptor.java:362)
	at org.junit.jupiter.engine.descriptor.ClassBasedTestDescriptor.lambda$instantiateAndPostProcessTestInstance$6(ClassBasedTestDescriptor.java:283)
	at org.junit.platform.engine.support.hierarchical.ThrowableCollector.execute(ThrowableCollector.java:73)
	at org.junit.jupiter.engine.descriptor.ClassBasedTestDescriptor.instantiateAndPostProcessTestInstance(ClassBasedTestDescriptor.java:282)
	at org.junit.jupiter.engine.descriptor.ClassBasedTestDescriptor.lambda$testInstancesProvider$4(ClassBasedTestDescriptor.java:272)
	at java.util.Optional.orElseGet(Optional.java:267)
	at org.junit.jupiter.engine.descriptor.ClassBasedTestDescriptor.lambda$testInstancesProvider$5(ClassBasedTestDescriptor.java:271)
	at org.junit.jupiter.engine.execution.TestInstancesProvider.getTestInstances(TestInstancesProvider.java:31)
	at org.junit.jupiter.engine.descriptor.TestMethodTestDescriptor.lambda$prepare$0(TestMethodTestDescriptor.java:102)
	at org.junit.platform.engine.support.hierarchical.ThrowableCollector.execute(ThrowableCollector.java:73)
	at org.junit.jupiter.engine.descriptor.TestMethodTestDescriptor.prepare(TestMethodTestDescriptor.java:101)
	at org.junit.jupiter.engine.descriptor.TestMethodTestDescriptor.prepare(TestMethodTestDescriptor.java:66)
	at org.junit.platform.engine.support.hierarchical.NodeTestTask.lambda$prepare$2(NodeTestTask.java:123)
	at org.junit.platform.engine.support.hierarchical.ThrowableCollector.execute(ThrowableCollector.java:73)
	at org.junit.platform.engine.support.hierarchical.NodeTestTask.prepare(NodeTestTask.java:123)
	at org.junit.platform.engine.support.hierarchical.NodeTestTask.execute(NodeTestTask.java:90)
	at java.util.ArrayList.forEach(ArrayList.java:1249)
	at org.junit.platform.engine.support.hierarchical.SameThreadHierarchicalTestExecutorService.invokeAll(SameThreadHierarchicalTestExecutorService.java:41)
	at org.junit.platform.engine.support.hierarchical.NodeTestTask.lambda$executeRecursively$6(NodeTestTask.java:155)
	at org.junit.platform.engine.support.hierarchical.ThrowableCollector.execute(ThrowableCollector.java:73)
	at org.junit.platform.engine.support.hierarchical.NodeTestTask.lambda$executeRecursively$8(NodeTestTask.java:141)
	at org.junit.platform.engine.support.hierarchical.Node.around(Node.java:137)
	at org.junit.platform.engine.support.hierarchical.NodeTestTask.lambda$executeRecursively$9(NodeTestTask.java:139)
	at org.junit.platform.engine.support.hierarchical.ThrowableCollector.execute(ThrowableCollector.java:73)
	at org.junit.platform.engine.support.hierarchical.NodeTestTask.executeRecursively(NodeTestTask.java:138)
	at org.junit.platform.engine.support.hierarchical.NodeTestTask.execute(NodeTestTask.java:95)
	at java.util.ArrayList.forEach(ArrayList.java:1249)
	at org.junit.platform.engine.support.hierarchical.SameThreadHierarchicalTestExecutorService.invokeAll(SameThreadHierarchicalTestExecutorService.java:41)
	at org.junit.platform.engine.support.hierarchical.NodeTestTask.lambda$executeRecursively$6(NodeTestTask.java:155)
	at org.junit.platform.engine.support.hierarchical.ThrowableCollector.execute(ThrowableCollector.java:73)
	at org.junit.platform.engine.support.hierarchical.NodeTestTask.lambda$executeRecursively$8(NodeTestTask.java:141)
	at org.junit.platform.engine.support.hierarchical.Node.around(Node.java:137)
	at org.junit.platform.engine.support.hierarchical.NodeTestTask.lambda$executeRecursively$9(NodeTestTask.java:139)
	at org.junit.platform.engine.support.hierarchical.ThrowableCollector.execute(ThrowableCollector.java:73)
	at org.junit.platform.engine.support.hierarchical.NodeTestTask.executeRecursively(NodeTestTask.java:138)
	at org.junit.platform.engine.support.hierarchical.NodeTestTask.execute(NodeTestTask.java:95)
	at org.junit.platform.engine.support.hierarchical.SameThreadHierarchicalTestExecutorService.submit(SameThreadHierarchicalTestExecutorService.java:35)
	at org.junit.platform.engine.support.hierarchical.HierarchicalTestExecutor.execute(HierarchicalTestExecutor.java:57)
	at org.junit.platform.engine.support.hierarchical.HierarchicalTestEngine.execute(HierarchicalTestEngine.java:54)
	at org.junit.platform.launcher.core.EngineExecutionOrchestrator.execute(EngineExecutionOrchestrator.java:107)
	at org.junit.platform.launcher.core.EngineExecutionOrchestrator.execute(EngineExecutionOrchestrator.java:88)
	at org.junit.platform.launcher.core.EngineExecutionOrchestrator.lambda$execute$0(EngineExecutionOrchestrator.java:54)
	at org.junit.platform.launcher.core.EngineExecutionOrchestrator.withInterceptedStreams(EngineExecutionOrchestrator.java:67)
	at org.junit.platform.launcher.core.EngineExecutionOrchestrator.execute(EngineExecutionOrchestrator.java:52)
	at org.junit.platform.launcher.core.DefaultLauncher.execute(DefaultLauncher.java:114)
	at org.junit.platform.launcher.core.DefaultLauncher.execute(DefaultLauncher.java:86)
	at org.junit.platform.launcher.core.DefaultLauncherSession$DelegatingLauncher.execute(DefaultLauncherSession.java:86)
	at org.junit.platform.launcher.core.SessionPerRequestLauncher.execute(SessionPerRequestLauncher.java:53)
	at com.intellij.junit5.JUnit5IdeaTestRunner.startRunnerWithArgs(JUnit5IdeaTestRunner.java:71)
	at com.intellij.rt.junit.IdeaTestRunner$Repeater$1.execute(IdeaTestRunner.java:38)
	at com.intellij.rt.execution.junit.TestsRepeater.repeat(TestsRepeater.java:11)
	at com.intellij.rt.junit.IdeaTestRunner$Repeater.startRunnerWithArgs(IdeaTestRunner.java:35)
	at com.intellij.rt.junit.JUnitStarter.prepareStreamsAndStart(JUnitStarter.java:235)
	at com.intellij.rt.junit.JUnitStarter.main(JUnitStarter.java:54)
Caused by: java.lang.IllegalStateException: RedisConnectionFactory is required
	at org.springframework.util.Assert.state(Assert.java:76)
	at org.springframework.data.redis.core.RedisAccessor.afterPropertiesSet(RedisAccessor.java:38)
	at org.springframework.data.redis.core.RedisTemplate.afterPropertiesSet(RedisTemplate.java:129)
	at org.springframework.beans.factory.support.AbstractAutowireCapableBeanFactory.invokeInitMethods(AbstractAutowireCapableBeanFactory.java:1863)
	at org.springframework.beans.factory.support.AbstractAutowireCapableBeanFactory.initializeBean(AbstractAutowireCapableBeanFactory.java:1800)
	... 86 common frames omitted
2022-03-09 12:54:11.291 ERROR o.springframework.test.context.TestContextManager - Caught exception while allowing TestExecutionListener [org.springframework.test.context.web.ServletTestExecutionListener@338fc1d8] to prepare test instance [com.zs.handler.RedisTest@55fdf7f9]
java.lang.IllegalStateException: Failed to load ApplicationContext
	at org.springframework.test.context.cache.DefaultCacheAwareContextLoaderDelegate.loadContext(DefaultCacheAwareContextLoaderDelegate.java:132)
	at org.springframework.test.context.support.DefaultTestContext.getApplicationContext(DefaultTestContext.java:124)
	at org.springframework.test.context.web.ServletTestExecutionListener.setUpRequestContextIfNecessary(ServletTestExecutionListener.java:190)
	at org.springframework.test.context.web.ServletTestExecutionListener.prepareTestInstance(ServletTestExecutionListener.java:132)
	at org.springframework.test.context.TestContextManager.prepareTestInstance(TestContextManager.java:248)
	at org.springframework.test.context.junit.jupiter.SpringExtension.postProcessTestInstance(SpringExtension.java:138)
	at org.junit.jupiter.engine.descriptor.ClassBasedTestDescriptor.lambda$invokeTestInstancePostProcessors$8(ClassBasedTestDescriptor.java:363)
	at org.junit.jupiter.engine.descriptor.ClassBasedTestDescriptor.executeAndMaskThrowable(ClassBasedTestDescriptor.java:368)
	at org.junit.jupiter.engine.descriptor.ClassBasedTestDescriptor.lambda$invokeTestInstancePostProcessors$9(ClassBasedTestDescriptor.java:363)
	at java.util.stream.ReferencePipeline$3$1.accept(ReferencePipeline.java:193)
	at java.util.stream.ReferencePipeline$2$1.accept(ReferencePipeline.java:175)
	at java.util.ArrayList$ArrayListSpliterator.forEachRemaining(ArrayList.java:1374)
	at java.util.stream.AbstractPipeline.copyInto(AbstractPipeline.java:481)
	at java.util.stream.AbstractPipeline.wrapAndCopyInto(AbstractPipeline.java:471)
	at java.util.stream.StreamSpliterators$WrappingSpliterator.forEachRemaining(StreamSpliterators.java:312)
	at java.util.stream.Streams$ConcatSpliterator.forEachRemaining(Streams.java:743)
	at java.util.stream.Streams$ConcatSpliterator.forEachRemaining(Streams.java:742)
	at java.util.stream.ReferencePipeline$Head.forEach(ReferencePipeline.java:580)
	at org.junit.jupiter.engine.descriptor.ClassBasedTestDescriptor.invokeTestInstancePostProcessors(ClassBasedTestDescriptor.java:362)
	at org.junit.jupiter.engine.descriptor.ClassBasedTestDescriptor.lambda$instantiateAndPostProcessTestInstance$6(ClassBasedTestDescriptor.java:283)
	at org.junit.platform.engine.support.hierarchical.ThrowableCollector.execute(ThrowableCollector.java:73)
	at org.junit.jupiter.engine.descriptor.ClassBasedTestDescriptor.instantiateAndPostProcessTestInstance(ClassBasedTestDescriptor.java:282)
	at org.junit.jupiter.engine.descriptor.ClassBasedTestDescriptor.lambda$testInstancesProvider$4(ClassBasedTestDescriptor.java:272)
	at java.util.Optional.orElseGet(Optional.java:267)
	at org.junit.jupiter.engine.descriptor.ClassBasedTestDescriptor.lambda$testInstancesProvider$5(ClassBasedTestDescriptor.java:271)
	at org.junit.jupiter.engine.execution.TestInstancesProvider.getTestInstances(TestInstancesProvider.java:31)
	at org.junit.jupiter.engine.descriptor.TestMethodTestDescriptor.lambda$prepare$0(TestMethodTestDescriptor.java:102)
	at org.junit.platform.engine.support.hierarchical.ThrowableCollector.execute(ThrowableCollector.java:73)
	at org.junit.jupiter.engine.descriptor.TestMethodTestDescriptor.prepare(TestMethodTestDescriptor.java:101)
	at org.junit.jupiter.engine.descriptor.TestMethodTestDescriptor.prepare(TestMethodTestDescriptor.java:66)
	at org.junit.platform.engine.support.hierarchical.NodeTestTask.lambda$prepare$2(NodeTestTask.java:123)
	at org.junit.platform.engine.support.hierarchical.ThrowableCollector.execute(ThrowableCollector.java:73)
	at org.junit.platform.engine.support.hierarchical.NodeTestTask.prepare(NodeTestTask.java:123)
	at org.junit.platform.engine.support.hierarchical.NodeTestTask.execute(NodeTestTask.java:90)
	at java.util.ArrayList.forEach(ArrayList.java:1249)
	at org.junit.platform.engine.support.hierarchical.SameThreadHierarchicalTestExecutorService.invokeAll(SameThreadHierarchicalTestExecutorService.java:41)
	at org.junit.platform.engine.support.hierarchical.NodeTestTask.lambda$executeRecursively$6(NodeTestTask.java:155)
	at org.junit.platform.engine.support.hierarchical.ThrowableCollector.execute(ThrowableCollector.java:73)
	at org.junit.platform.engine.support.hierarchical.NodeTestTask.lambda$executeRecursively$8(NodeTestTask.java:141)
	at org.junit.platform.engine.support.hierarchical.Node.around(Node.java:137)
	at org.junit.platform.engine.support.hierarchical.NodeTestTask.lambda$executeRecursively$9(NodeTestTask.java:139)
	at org.junit.platform.engine.support.hierarchical.ThrowableCollector.execute(ThrowableCollector.java:73)
	at org.junit.platform.engine.support.hierarchical.NodeTestTask.executeRecursively(NodeTestTask.java:138)
	at org.junit.platform.engine.support.hierarchical.NodeTestTask.execute(NodeTestTask.java:95)
	at java.util.ArrayList.forEach(ArrayList.java:1249)
	at org.junit.platform.engine.support.hierarchical.SameThreadHierarchicalTestExecutorService.invokeAll(SameThreadHierarchicalTestExecutorService.java:41)
	at org.junit.platform.engine.support.hierarchical.NodeTestTask.lambda$executeRecursively$6(NodeTestTask.java:155)
	at org.junit.platform.engine.support.hierarchical.ThrowableCollector.execute(ThrowableCollector.java:73)
	at org.junit.platform.engine.support.hierarchical.NodeTestTask.lambda$executeRecursively$8(NodeTestTask.java:141)
	at org.junit.platform.engine.support.hierarchical.Node.around(Node.java:137)
	at org.junit.platform.engine.support.hierarchical.NodeTestTask.lambda$executeRecursively$9(NodeTestTask.java:139)
	at org.junit.platform.engine.support.hierarchical.ThrowableCollector.execute(ThrowableCollector.java:73)
	at org.junit.platform.engine.support.hierarchical.NodeTestTask.executeRecursively(NodeTestTask.java:138)
	at org.junit.platform.engine.support.hierarchical.NodeTestTask.execute(NodeTestTask.java:95)
	at org.junit.platform.engine.support.hierarchical.SameThreadHierarchicalTestExecutorService.submit(SameThreadHierarchicalTestExecutorService.java:35)
	at org.junit.platform.engine.support.hierarchical.HierarchicalTestExecutor.execute(HierarchicalTestExecutor.java:57)
	at org.junit.platform.engine.support.hierarchical.HierarchicalTestEngine.execute(HierarchicalTestEngine.java:54)
	at org.junit.platform.launcher.core.EngineExecutionOrchestrator.execute(EngineExecutionOrchestrator.java:107)
	at org.junit.platform.launcher.core.EngineExecutionOrchestrator.execute(EngineExecutionOrchestrator.java:88)
	at org.junit.platform.launcher.core.EngineExecutionOrchestrator.lambda$execute$0(EngineExecutionOrchestrator.java:54)
	at org.junit.platform.launcher.core.EngineExecutionOrchestrator.withInterceptedStreams(EngineExecutionOrchestrator.java:67)
	at org.junit.platform.launcher.core.EngineExecutionOrchestrator.execute(EngineExecutionOrchestrator.java:52)
	at org.junit.platform.launcher.core.DefaultLauncher.execute(DefaultLauncher.java:114)
	at org.junit.platform.launcher.core.DefaultLauncher.execute(DefaultLauncher.java:86)
	at org.junit.platform.launcher.core.DefaultLauncherSession$DelegatingLauncher.execute(DefaultLauncherSession.java:86)
	at org.junit.platform.launcher.core.SessionPerRequestLauncher.execute(SessionPerRequestLauncher.java:53)
	at com.intellij.junit5.JUnit5IdeaTestRunner.startRunnerWithArgs(JUnit5IdeaTestRunner.java:71)
	at com.intellij.rt.junit.IdeaTestRunner$Repeater$1.execute(IdeaTestRunner.java:38)
	at com.intellij.rt.execution.junit.TestsRepeater.repeat(TestsRepeater.java:11)
	at com.intellij.rt.junit.IdeaTestRunner$Repeater.startRunnerWithArgs(IdeaTestRunner.java:35)
	at com.intellij.rt.junit.JUnitStarter.prepareStreamsAndStart(JUnitStarter.java:235)
	at com.intellij.rt.junit.JUnitStarter.main(JUnitStarter.java:54)
Caused by: org.springframework.beans.factory.BeanCreationException: Error creating bean with name 'redisTemplate' defined in class path resource [com/zs/config/RedisConfig.class]: Invocation of init method failed; nested exception is java.lang.IllegalStateException: RedisConnectionFactory is required
	at org.springframework.beans.factory.support.AbstractAutowireCapableBeanFactory.initializeBean(AbstractAutowireCapableBeanFactory.java:1804)
	at org.springframework.beans.factory.support.AbstractAutowireCapableBeanFactory.doCreateBean(AbstractAutowireCapableBeanFactory.java:620)
	at org.springframework.beans.factory.support.AbstractAutowireCapableBeanFactory.createBean(AbstractAutowireCapableBeanFactory.java:542)
	at org.springframework.beans.factory.support.AbstractBeanFactory.lambda$doGetBean$0(AbstractBeanFactory.java:335)
	at org.springframework.beans.factory.support.DefaultSingletonBeanRegistry.getSingleton(DefaultSingletonBeanRegistry.java:234)
	at org.springframework.beans.factory.support.AbstractBeanFactory.doGetBean(AbstractBeanFactory.java:333)
	at org.springframework.beans.factory.support.AbstractBeanFactory.getBean(AbstractBeanFactory.java:208)
	at org.springframework.beans.factory.support.DefaultListableBeanFactory.preInstantiateSingletons(DefaultListableBeanFactory.java:953)
	at org.springframework.context.support.AbstractApplicationContext.finishBeanFactoryInitialization(AbstractApplicationContext.java:918)
	at org.springframework.context.support.AbstractApplicationContext.refresh(AbstractApplicationContext.java:583)
	at org.springframework.boot.SpringApplication.refresh(SpringApplication.java:732)
	at org.springframework.boot.SpringApplication.refreshContext(SpringApplication.java:414)
	at org.springframework.boot.SpringApplication.run(SpringApplication.java:302)
	at org.springframework.boot.test.context.SpringBootContextLoader.loadContext(SpringBootContextLoader.java:136)
	at org.springframework.test.context.cache.DefaultCacheAwareContextLoaderDelegate.loadContextInternal(DefaultCacheAwareContextLoaderDelegate.java:99)
	at org.springframework.test.context.cache.DefaultCacheAwareContextLoaderDelegate.loadContext(DefaultCacheAwareContextLoaderDelegate.java:124)
	... 71 common frames omitted
Caused by: java.lang.IllegalStateException: RedisConnectionFactory is required
	at org.springframework.util.Assert.state(Assert.java:76)
	at org.springframework.data.redis.core.RedisAccessor.afterPropertiesSet(RedisAccessor.java:38)
	at org.springframework.data.redis.core.RedisTemplate.afterPropertiesSet(RedisTemplate.java:129)
	at org.springframework.beans.factory.support.AbstractAutowireCapableBeanFactory.invokeInitMethods(AbstractAutowireCapableBeanFactory.java:1863)
	at org.springframework.beans.factory.support.AbstractAutowireCapableBeanFactory.initializeBean(AbstractAutowireCapableBeanFactory.java:1800)
	... 86 common frames omitted
2022-03-09 12:55:30.852 INFO  com.zs.handler.RedisTest - Starting RedisTest using Java 1.8.0_144 on Air-20210908VSZ with PID 61128 (started by Air in D:\IDEA_workspace01\blog)
2022-03-09 12:55:30.856 DEBUG com.zs.handler.RedisTest - Running with Spring Boot v2.6.3, Spring v5.3.15
2022-03-09 12:55:30.857 INFO  com.zs.handler.RedisTest - No active profile set, falling back to default profiles: default
2022-03-09 12:55:31.813 INFO  o.s.d.r.config.RepositoryConfigurationDelegate - Multiple Spring Data modules found, entering strict repository configuration mode!
2022-03-09 12:55:31.813 INFO  o.s.d.r.config.RepositoryConfigurationDelegate - Bootstrapping Spring Data Redis repositories in DEFAULT mode.
2022-03-09 12:55:31.844 INFO  o.s.d.r.config.RepositoryConfigurationDelegate - Finished Spring Data repository scanning in 14 ms. Found 0 Redis repository interfaces.
2022-03-09 12:55:32.798 INFO  c.a.d.s.b.a.DruidDataSourceAutoConfigure - Init DruidDataSource
2022-03-09 12:55:33.068 INFO  com.alibaba.druid.pool.DruidDataSource - {dataSource-1} inited
2022-03-09 12:55:35.774 INFO  o.s.b.a.web.servlet.WelcomePageHandlerMapping - Adding welcome page template: index
2022-03-09 12:55:36.578 INFO  com.zs.handler.RedisTest - Started RedisTest in 6.265 seconds (JVM running for 7.933)
2022-03-09 12:55:38.643 INFO  com.alibaba.druid.pool.DruidDataSource - {dataSource-1} closing ...
2022-03-09 12:55:38.643 INFO  com.alibaba.druid.pool.DruidDataSource - {dataSource-1} closed
2022-03-09 12:58:26.565 INFO  com.zs.handler.RedisTest - Starting RedisTest using Java 1.8.0_144 on Air-20210908VSZ with PID 93856 (started by Air in D:\IDEA_workspace01\blog)
2022-03-09 12:58:26.565 DEBUG com.zs.handler.RedisTest - Running with Spring Boot v2.6.3, Spring v5.3.15
2022-03-09 12:58:26.565 INFO  com.zs.handler.RedisTest - No active profile set, falling back to default profiles: default
2022-03-09 12:58:27.789 INFO  o.s.d.r.config.RepositoryConfigurationDelegate - Multiple Spring Data modules found, entering strict repository configuration mode!
2022-03-09 12:58:27.789 INFO  o.s.d.r.config.RepositoryConfigurationDelegate - Bootstrapping Spring Data Redis repositories in DEFAULT mode.
2022-03-09 12:58:27.835 INFO  o.s.d.r.config.RepositoryConfigurationDelegate - Finished Spring Data repository scanning in 14 ms. Found 0 Redis repository interfaces.
2022-03-09 12:58:29.200 INFO  c.a.d.s.b.a.DruidDataSourceAutoConfigure - Init DruidDataSource
2022-03-09 12:58:29.545 INFO  com.alibaba.druid.pool.DruidDataSource - {dataSource-1} inited
2022-03-09 12:58:32.337 INFO  o.s.b.a.web.servlet.WelcomePageHandlerMapping - Adding welcome page template: index
2022-03-09 12:58:33.365 INFO  com.zs.handler.RedisTest - Started RedisTest in 7.475 seconds (JVM running for 9.514)
2022-03-09 12:58:36.054 INFO  com.alibaba.druid.pool.DruidDataSource - {dataSource-1} closing ...
2022-03-09 12:58:36.069 INFO  com.alibaba.druid.pool.DruidDataSource - {dataSource-1} closed
2022-03-09 22:01:28.400 INFO  com.zs.handler.RedisTest - Starting RedisTest using Java 1.8.0_144 on Air-20210908VSZ with PID 90432 (started by Air in D:\IDEA_workspace01\blog)
2022-03-09 22:01:28.400 DEBUG com.zs.handler.RedisTest - Running with Spring Boot v2.6.3, Spring v5.3.15
2022-03-09 22:01:28.400 INFO  com.zs.handler.RedisTest - No active profile set, falling back to default profiles: default
2022-03-09 22:01:29.619 INFO  o.s.d.r.config.RepositoryConfigurationDelegate - Multiple Spring Data modules found, entering strict repository configuration mode!
2022-03-09 22:01:29.635 INFO  o.s.d.r.config.RepositoryConfigurationDelegate - Bootstrapping Spring Data Redis repositories in DEFAULT mode.
2022-03-09 22:01:29.666 INFO  o.s.d.r.config.RepositoryConfigurationDelegate - Finished Spring Data repository scanning in 12 ms. Found 0 Redis repository interfaces.
2022-03-09 22:01:31.324 INFO  c.a.d.s.b.a.DruidDataSourceAutoConfigure - Init DruidDataSource
2022-03-09 22:01:31.730 INFO  com.alibaba.druid.pool.DruidDataSource - {dataSource-1} inited
2022-03-09 22:01:34.426 INFO  o.s.b.a.web.servlet.WelcomePageHandlerMapping - Adding welcome page template: index
2022-03-09 22:01:36.043 INFO  com.zs.handler.RedisTest - Started RedisTest in 8.371 seconds (JVM running for 10.419)
2022-03-09 22:01:38.577 INFO  com.alibaba.druid.pool.DruidDataSource - {dataSource-1} closing ...
2022-03-09 22:01:38.593 INFO  com.alibaba.druid.pool.DruidDataSource - {dataSource-1} closed
2022-03-09 22:02:56.635 INFO  com.zs.handler.RedisTest - Starting RedisTest using Java 1.8.0_144 on Air-20210908VSZ with PID 91384 (started by Air in D:\IDEA_workspace01\blog)
2022-03-09 22:02:56.635 DEBUG com.zs.handler.RedisTest - Running with Spring Boot v2.6.3, Spring v5.3.15
2022-03-09 22:02:56.635 INFO  com.zs.handler.RedisTest - No active profile set, falling back to default profiles: default
2022-03-09 22:02:57.760 INFO  o.s.d.r.config.RepositoryConfigurationDelegate - Multiple Spring Data modules found, entering strict repository configuration mode!
2022-03-09 22:02:57.760 INFO  o.s.d.r.config.RepositoryConfigurationDelegate - Bootstrapping Spring Data Redis repositories in DEFAULT mode.
2022-03-09 22:02:57.869 INFO  o.s.d.r.config.RepositoryConfigurationDelegate - Finished Spring Data repository scanning in 67 ms. Found 0 Redis repository interfaces.
2022-03-09 22:02:59.885 INFO  c.a.d.s.b.a.DruidDataSourceAutoConfigure - Init DruidDataSource
2022-03-09 22:03:00.198 INFO  com.alibaba.druid.pool.DruidDataSource - {dataSource-1} inited
2022-03-09 22:03:02.588 INFO  o.s.b.a.web.servlet.WelcomePageHandlerMapping - Adding welcome page template: index
2022-03-09 22:03:03.406 INFO  com.zs.handler.RedisTest - Started RedisTest in 7.461 seconds (JVM running for 9.127)
2022-03-09 22:03:03.890 INFO  com.alibaba.druid.pool.DruidDataSource - {dataSource-1} closing ...
2022-03-09 22:03:03.906 INFO  com.alibaba.druid.pool.DruidDataSource - {dataSource-1} closed
2022-03-09 22:03:28.155 INFO  com.zs.handler.RedisTest - Starting RedisTest using Java 1.8.0_144 on Air-20210908VSZ with PID 61128 (started by Air in D:\IDEA_workspace01\blog)
2022-03-09 22:03:28.155 DEBUG com.zs.handler.RedisTest - Running with Spring Boot v2.6.3, Spring v5.3.15
2022-03-09 22:03:28.155 INFO  com.zs.handler.RedisTest - No active profile set, falling back to default profiles: default
2022-03-09 22:03:29.280 INFO  o.s.d.r.config.RepositoryConfigurationDelegate - Multiple Spring Data modules found, entering strict repository configuration mode!
2022-03-09 22:03:29.280 INFO  o.s.d.r.config.RepositoryConfigurationDelegate - Bootstrapping Spring Data Redis repositories in DEFAULT mode.
2022-03-09 22:03:29.326 INFO  o.s.d.r.config.RepositoryConfigurationDelegate - Finished Spring Data repository scanning in 21 ms. Found 0 Redis repository interfaces.
2022-03-09 22:03:30.576 INFO  c.a.d.s.b.a.DruidDataSourceAutoConfigure - Init DruidDataSource
2022-03-09 22:03:30.904 INFO  com.alibaba.druid.pool.DruidDataSource - {dataSource-1} inited
2022-03-09 22:03:33.288 INFO  o.s.b.a.web.servlet.WelcomePageHandlerMapping - Adding welcome page template: index
2022-03-09 22:03:34.107 INFO  com.zs.handler.RedisTest - Started RedisTest in 6.548 seconds (JVM running for 8.232)
2022-03-09 22:03:34.598 INFO  com.alibaba.druid.pool.DruidDataSource - {dataSource-1} closing ...
2022-03-09 22:03:34.598 INFO  com.alibaba.druid.pool.DruidDataSource - {dataSource-1} closed
2022-03-09 22:10:05.258 INFO  com.zs.BlogApplication - Starting BlogApplication using Java 1.8.0_144 on Air-20210908VSZ with PID 93516 (D:\IDEA_workspace01\blog\target\classes started by Air in D:\IDEA_workspace01\blog)
2022-03-09 22:10:05.260 DEBUG com.zs.BlogApplication - Running with Spring Boot v2.6.3, Spring v5.3.15
2022-03-09 22:10:05.261 INFO  com.zs.BlogApplication - No active profile set, falling back to default profiles: default
2022-03-09 22:10:05.363 INFO  o.s.b.d.env.DevToolsPropertyDefaultsPostProcessor - Devtools property defaults active! Set 'spring.devtools.add-properties' to 'false' to disable
2022-03-09 22:10:05.364 INFO  o.s.b.d.env.DevToolsPropertyDefaultsPostProcessor - For additional web related logging consider setting the 'logging.level.web' property to 'DEBUG'
2022-03-09 22:10:06.312 INFO  o.s.d.r.config.RepositoryConfigurationDelegate - Multiple Spring Data modules found, entering strict repository configuration mode!
2022-03-09 22:10:06.312 INFO  o.s.d.r.config.RepositoryConfigurationDelegate - Bootstrapping Spring Data Redis repositories in DEFAULT mode.
2022-03-09 22:10:06.328 INFO  o.s.d.r.config.RepositoryConfigurationDelegate - Finished Spring Data repository scanning in 9 ms. Found 0 Redis repository interfaces.
2022-03-09 22:10:07.180 INFO  o.s.boot.web.embedded.tomcat.TomcatWebServer - Tomcat initialized with port(s): 8080 (http)
2022-03-09 22:10:07.180 INFO  org.apache.catalina.core.AprLifecycleListener - Loaded Apache Tomcat Native library [1.2.31] using APR version [1.7.0].
2022-03-09 22:10:07.180 INFO  org.apache.catalina.core.AprLifecycleListener - APR capabilities: IPv6 [true], sendfile [true], accept filters [false], random [true], UDS [true].
2022-03-09 22:10:07.180 INFO  org.apache.catalina.core.AprLifecycleListener - APR/OpenSSL configuration: useAprConnector [false], useOpenSSL [true]
2022-03-09 22:10:07.196 INFO  org.apache.catalina.core.AprLifecycleListener - OpenSSL successfully initialized [OpenSSL 1.1.1l  24 Aug 2021]
2022-03-09 22:10:07.212 INFO  org.apache.coyote.http11.Http11NioProtocol - Initializing ProtocolHandler ["http-nio-8080"]
2022-03-09 22:10:07.212 INFO  org.apache.catalina.core.StandardService - Starting service [Tomcat]
2022-03-09 22:10:07.212 INFO  org.apache.catalina.core.StandardEngine - Starting Servlet engine: [Apache Tomcat/9.0.56]
2022-03-09 22:10:07.316 INFO  o.a.c.core.ContainerBase.[Tomcat].[localhost].[/] - Initializing Spring embedded WebApplicationContext
2022-03-09 22:10:07.316 INFO  o.s.b.w.s.c.ServletWebServerApplicationContext - Root WebApplicationContext: initialization completed in 1950 ms
2022-03-09 22:10:07.478 INFO  c.a.d.s.b.a.DruidDataSourceAutoConfigure - Init DruidDataSource
2022-03-09 22:10:07.603 INFO  com.alibaba.druid.pool.DruidDataSource - {dataSource-1} inited
2022-03-09 22:10:08.478 INFO  o.s.b.a.web.servlet.WelcomePageHandlerMapping - Adding welcome page template: index
2022-03-09 22:10:08.898 INFO  o.s.b.d.autoconfigure.OptionalLiveReloadServer - LiveReload server is running on port 35729
2022-03-09 22:10:08.928 INFO  org.apache.coyote.http11.Http11NioProtocol - Starting ProtocolHandler ["http-nio-8080"]
2022-03-09 22:10:08.955 INFO  o.s.boot.web.embedded.tomcat.TomcatWebServer - Tomcat started on port(s): 8080 (http) with context path ''
2022-03-09 22:10:08.969 INFO  com.zs.BlogApplication - Started BlogApplication in 4.894 seconds (JVM running for 6.796)
2022-03-09 22:10:09.290 INFO  o.a.c.core.ContainerBase.[Tomcat].[localhost].[/] - Initializing Spring DispatcherServlet 'dispatcherServlet'
2022-03-09 22:10:09.291 INFO  org.springframework.web.servlet.DispatcherServlet - Initializing Servlet 'dispatcherServlet'
2022-03-09 22:10:09.294 INFO  org.springframework.web.servlet.DispatcherServlet - Completed initialization in 3 ms
2022-03-09 22:10:10.258 DEBUG com.zs.mapper.BlogMapper.listConditionBlogs_COUNT - ==>  Preparing: SELECT count(0) FROM tb_blog b INNER JOIN tb_category c ON b.cid = c.cid INNER JOIN tb_copyright cr ON cr.cr_tip_id = b.cr_tip_id INNER JOIN tb_user u ON u.uid = b.uid INNER JOIN tb_blog_outline bo ON bo.did = b.bid WHERE b.is_publish = 1
2022-03-09 22:10:10.284 DEBUG com.zs.mapper.BlogMapper.listConditionBlogs_COUNT - ==> Parameters: 
2022-03-09 22:10:10.348 DEBUG com.zs.mapper.BlogMapper.listConditionBlogs_COUNT - <==      Total: 1
2022-03-09 22:10:10.350 DEBUG com.zs.mapper.BlogMapper.listConditionBlogs - ==>  Preparing: select b.bid,b.title,b.content,b.first_picture,b.cid,b.views,b.is_appreciate,b.is_comment,b.is_publish,b.write_time,b.update_time,b.uid, b.cr_tip_id,b.is_reprint,c.`name`,cr.cr_id,cr.cr_tip,cr.cr_tip_id,u.uid,u.nickname,u.avatar,bo.outline,bo.views from tb_blog b inner join tb_category c on b.cid = c.cid inner join tb_copyright cr on cr.cr_tip_id = b.cr_tip_id inner join tb_user u on u.uid = b.uid inner join tb_blog_outline bo on bo.did = b.bid WHERE b.is_publish = 1 LIMIT ?
2022-03-09 22:10:10.351 DEBUG com.zs.mapper.BlogMapper.listConditionBlogs - ==> Parameters: 5(Integer)
2022-03-09 22:10:10.364 DEBUG com.zs.mapper.BlogMapper.listConditionBlogs - <==      Total: 5
2022-03-09 22:10:10.370 DEBUG c.z.m.CategoryMapper.listSortCategoriesByBlogs - ==>  Preparing: select c.cid,c.name,count(bid) blogs from tb_category c inner join tb_blog b on c.cid = b.cid group by c.cid order by blogs desc
2022-03-09 22:10:10.371 DEBUG c.z.m.CategoryMapper.listSortCategoriesByBlogs - ==> Parameters: 
2022-03-09 22:10:10.378 DEBUG c.z.m.CategoryMapper.listSortCategoriesByBlogs - <==      Total: 4
2022-03-09 22:10:28.430 DEBUG com.zs.mapper.BlogMapper.listConditionBlogs_COUNT - ==>  Preparing: SELECT count(0) FROM tb_blog b INNER JOIN tb_category c ON b.cid = c.cid INNER JOIN tb_copyright cr ON cr.cr_tip_id = b.cr_tip_id INNER JOIN tb_user u ON u.uid = b.uid INNER JOIN tb_blog_outline bo ON bo.did = b.bid WHERE b.is_publish = 1
2022-03-09 22:10:28.431 DEBUG com.zs.mapper.BlogMapper.listConditionBlogs_COUNT - ==> Parameters: 
2022-03-09 22:10:28.432 DEBUG com.zs.mapper.BlogMapper.listConditionBlogs_COUNT - <==      Total: 1
2022-03-09 22:10:28.433 DEBUG com.zs.mapper.BlogMapper.listConditionBlogs - ==>  Preparing: select b.bid,b.title,b.content,b.first_picture,b.cid,b.views,b.is_appreciate,b.is_comment,b.is_publish,b.write_time,b.update_time,b.uid, b.cr_tip_id,b.is_reprint,c.`name`,cr.cr_id,cr.cr_tip,cr.cr_tip_id,u.uid,u.nickname,u.avatar,bo.outline,bo.views from tb_blog b inner join tb_category c on b.cid = c.cid inner join tb_copyright cr on cr.cr_tip_id = b.cr_tip_id inner join tb_user u on u.uid = b.uid inner join tb_blog_outline bo on bo.did = b.bid WHERE b.is_publish = 1 LIMIT ?, ?
2022-03-09 22:10:28.434 DEBUG com.zs.mapper.BlogMapper.listConditionBlogs - ==> Parameters: 5(Integer), 5(Integer)
2022-03-09 22:10:28.439 DEBUG com.zs.mapper.BlogMapper.listConditionBlogs - <==      Total: 2
2022-03-09 22:10:31.505 DEBUG com.zs.mapper.BlogMapper.listConditionBlogs_COUNT - ==>  Preparing: SELECT count(0) FROM tb_blog b INNER JOIN tb_category c ON b.cid = c.cid INNER JOIN tb_copyright cr ON cr.cr_tip_id = b.cr_tip_id INNER JOIN tb_user u ON u.uid = b.uid INNER JOIN tb_blog_outline bo ON bo.did = b.bid WHERE b.is_publish = 1
2022-03-09 22:10:31.505 DEBUG com.zs.mapper.BlogMapper.listConditionBlogs_COUNT - ==> Parameters: 
2022-03-09 22:10:31.507 DEBUG com.zs.mapper.BlogMapper.listConditionBlogs_COUNT - <==      Total: 1
2022-03-09 22:10:31.507 DEBUG com.zs.mapper.BlogMapper.listConditionBlogs - ==>  Preparing: select b.bid,b.title,b.content,b.first_picture,b.cid,b.views,b.is_appreciate,b.is_comment,b.is_publish,b.write_time,b.update_time,b.uid, b.cr_tip_id,b.is_reprint,c.`name`,cr.cr_id,cr.cr_tip,cr.cr_tip_id,u.uid,u.nickname,u.avatar,bo.outline,bo.views from tb_blog b inner join tb_category c on b.cid = c.cid inner join tb_copyright cr on cr.cr_tip_id = b.cr_tip_id inner join tb_user u on u.uid = b.uid inner join tb_blog_outline bo on bo.did = b.bid WHERE b.is_publish = 1 LIMIT ?
2022-03-09 22:10:31.508 DEBUG com.zs.mapper.BlogMapper.listConditionBlogs - ==> Parameters: 5(Integer)
2022-03-09 22:10:31.516 DEBUG com.zs.mapper.BlogMapper.listConditionBlogs - <==      Total: 5
2022-03-09 22:10:37.294 DEBUG com.zs.mapper.BlogMapper.listConditionBlogs_COUNT - ==>  Preparing: SELECT count(0) FROM tb_blog b INNER JOIN tb_category c ON b.cid = c.cid INNER JOIN tb_copyright cr ON cr.cr_tip_id = b.cr_tip_id INNER JOIN tb_user u ON u.uid = b.uid INNER JOIN tb_blog_outline bo ON bo.did = b.bid WHERE b.title LIKE '%MyBatis%' AND b.is_publish = 1
2022-03-09 22:10:37.294 DEBUG com.zs.mapper.BlogMapper.listConditionBlogs_COUNT - ==> Parameters: 
2022-03-09 22:10:37.296 DEBUG com.zs.mapper.BlogMapper.listConditionBlogs_COUNT - <==      Total: 1
2022-03-09 22:10:37.297 DEBUG com.zs.mapper.BlogMapper.listConditionBlogs - ==>  Preparing: select b.bid,b.title,b.content,b.first_picture,b.cid,b.views,b.is_appreciate,b.is_comment,b.is_publish,b.write_time,b.update_time,b.uid, b.cr_tip_id,b.is_reprint,c.`name`,cr.cr_id,cr.cr_tip,cr.cr_tip_id,u.uid,u.nickname,u.avatar,bo.outline,bo.views from tb_blog b inner join tb_category c on b.cid = c.cid inner join tb_copyright cr on cr.cr_tip_id = b.cr_tip_id inner join tb_user u on u.uid = b.uid inner join tb_blog_outline bo on bo.did = b.bid WHERE b.title like '%MyBatis%' and b.is_publish = 1 LIMIT ?
2022-03-09 22:10:37.298 DEBUG com.zs.mapper.BlogMapper.listConditionBlogs - ==> Parameters: 5(Integer)
2022-03-09 22:10:37.301 DEBUG com.zs.mapper.BlogMapper.listConditionBlogs - <==      Total: 1
2022-03-09 22:10:43.941 DEBUG com.zs.mapper.BlogMapper.listConditionBlogs_COUNT - ==>  Preparing: SELECT count(0) FROM tb_blog b INNER JOIN tb_category c ON b.cid = c.cid INNER JOIN tb_copyright cr ON cr.cr_tip_id = b.cr_tip_id INNER JOIN tb_user u ON u.uid = b.uid INNER JOIN tb_blog_outline bo ON bo.did = b.bid WHERE b.title LIKE '%MyBatis%' AND b.is_publish = 1
2022-03-09 22:10:43.942 DEBUG com.zs.mapper.BlogMapper.listConditionBlogs_COUNT - ==> Parameters: 
2022-03-09 22:10:43.944 DEBUG com.zs.mapper.BlogMapper.listConditionBlogs_COUNT - <==      Total: 1
2022-03-09 22:10:43.945 DEBUG com.zs.mapper.BlogMapper.listConditionBlogs - ==>  Preparing: select b.bid,b.title,b.content,b.first_picture,b.cid,b.views,b.is_appreciate,b.is_comment,b.is_publish,b.write_time,b.update_time,b.uid, b.cr_tip_id,b.is_reprint,c.`name`,cr.cr_id,cr.cr_tip,cr.cr_tip_id,u.uid,u.nickname,u.avatar,bo.outline,bo.views from tb_blog b inner join tb_category c on b.cid = c.cid inner join tb_copyright cr on cr.cr_tip_id = b.cr_tip_id inner join tb_user u on u.uid = b.uid inner join tb_blog_outline bo on bo.did = b.bid WHERE b.title like '%MyBatis%' and b.is_publish = 1 LIMIT ?
2022-03-09 22:10:43.945 DEBUG com.zs.mapper.BlogMapper.listConditionBlogs - ==> Parameters: 5(Integer)
2022-03-09 22:10:43.949 DEBUG com.zs.mapper.BlogMapper.listConditionBlogs - <==      Total: 1
2022-03-09 22:10:45.731 DEBUG com.zs.mapper.BlogMapper.listConditionBlogs_COUNT - ==>  Preparing: SELECT count(0) FROM tb_blog b INNER JOIN tb_category c ON b.cid = c.cid INNER JOIN tb_copyright cr ON cr.cr_tip_id = b.cr_tip_id INNER JOIN tb_user u ON u.uid = b.uid INNER JOIN tb_blog_outline bo ON bo.did = b.bid WHERE b.is_publish = 1
2022-03-09 22:10:45.732 DEBUG com.zs.mapper.BlogMapper.listConditionBlogs_COUNT - ==> Parameters: 
2022-03-09 22:10:45.733 DEBUG com.zs.mapper.BlogMapper.listConditionBlogs_COUNT - <==      Total: 1
2022-03-09 22:10:45.734 DEBUG com.zs.mapper.BlogMapper.listConditionBlogs - ==>  Preparing: select b.bid,b.title,b.content,b.first_picture,b.cid,b.views,b.is_appreciate,b.is_comment,b.is_publish,b.write_time,b.update_time,b.uid, b.cr_tip_id,b.is_reprint,c.`name`,cr.cr_id,cr.cr_tip,cr.cr_tip_id,u.uid,u.nickname,u.avatar,bo.outline,bo.views from tb_blog b inner join tb_category c on b.cid = c.cid inner join tb_copyright cr on cr.cr_tip_id = b.cr_tip_id inner join tb_user u on u.uid = b.uid inner join tb_blog_outline bo on bo.did = b.bid WHERE b.is_publish = 1 LIMIT ?
2022-03-09 22:10:45.734 DEBUG com.zs.mapper.BlogMapper.listConditionBlogs - ==> Parameters: 5(Integer)
2022-03-09 22:10:45.748 DEBUG com.zs.mapper.BlogMapper.listConditionBlogs - <==      Total: 5
2022-03-09 22:10:45.749 DEBUG c.z.m.CategoryMapper.listSortCategoriesByBlogs - ==>  Preparing: select c.cid,c.name,count(bid) blogs from tb_category c inner join tb_blog b on c.cid = b.cid group by c.cid order by blogs desc
2022-03-09 22:10:45.749 DEBUG c.z.m.CategoryMapper.listSortCategoriesByBlogs - ==> Parameters: 
2022-03-09 22:10:45.752 DEBUG c.z.m.CategoryMapper.listSortCategoriesByBlogs - <==      Total: 4
2022-03-09 22:10:47.427 DEBUG com.zs.mapper.BlogMapper.listConditionBlogs_COUNT - ==>  Preparing: SELECT count(0) FROM tb_blog b INNER JOIN tb_category c ON b.cid = c.cid INNER JOIN tb_copyright cr ON cr.cr_tip_id = b.cr_tip_id INNER JOIN tb_user u ON u.uid = b.uid INNER JOIN tb_blog_outline bo ON bo.did = b.bid WHERE b.is_publish = 1
2022-03-09 22:10:47.428 DEBUG com.zs.mapper.BlogMapper.listConditionBlogs_COUNT - ==> Parameters: 
2022-03-09 22:10:47.430 DEBUG com.zs.mapper.BlogMapper.listConditionBlogs_COUNT - <==      Total: 1
2022-03-09 22:10:47.431 DEBUG com.zs.mapper.BlogMapper.listConditionBlogs - ==>  Preparing: select b.bid,b.title,b.content,b.first_picture,b.cid,b.views,b.is_appreciate,b.is_comment,b.is_publish,b.write_time,b.update_time,b.uid, b.cr_tip_id,b.is_reprint,c.`name`,cr.cr_id,cr.cr_tip,cr.cr_tip_id,u.uid,u.nickname,u.avatar,bo.outline,bo.views from tb_blog b inner join tb_category c on b.cid = c.cid inner join tb_copyright cr on cr.cr_tip_id = b.cr_tip_id inner join tb_user u on u.uid = b.uid inner join tb_blog_outline bo on bo.did = b.bid WHERE b.is_publish = 1 LIMIT ?
2022-03-09 22:10:47.432 DEBUG com.zs.mapper.BlogMapper.listConditionBlogs - ==> Parameters: 5(Integer)
2022-03-09 22:10:47.437 DEBUG com.zs.mapper.BlogMapper.listConditionBlogs - <==      Total: 5
2022-03-09 22:10:47.438 DEBUG c.z.m.CategoryMapper.listSortCategoriesByBlogs - ==>  Preparing: select c.cid,c.name,count(bid) blogs from tb_category c inner join tb_blog b on c.cid = b.cid group by c.cid order by blogs desc
2022-03-09 22:10:47.439 DEBUG c.z.m.CategoryMapper.listSortCategoriesByBlogs - ==> Parameters: 
2022-03-09 22:10:47.441 DEBUG c.z.m.CategoryMapper.listSortCategoriesByBlogs - <==      Total: 4
2022-03-09 22:34:42.588 INFO  com.alibaba.druid.pool.DruidDataSource - {dataSource-1} closing ...
2022-03-09 22:34:42.588 INFO  com.alibaba.druid.pool.DruidDataSource - {dataSource-1} closed
2022-03-09 22:34:54.041 INFO  com.zs.BlogApplication - Starting BlogApplication using Java 1.8.0_144 on Air-20210908VSZ with PID 94008 (D:\IDEA_workspace01\blog\target\classes started by Air in D:\IDEA_workspace01\blog)
2022-03-09 22:34:54.041 DEBUG com.zs.BlogApplication - Running with Spring Boot v2.6.3, Spring v5.3.15
2022-03-09 22:34:54.041 INFO  com.zs.BlogApplication - No active profile set, falling back to default profiles: default
2022-03-09 22:34:54.104 INFO  o.s.b.d.env.DevToolsPropertyDefaultsPostProcessor - Devtools property defaults active! Set 'spring.devtools.add-properties' to 'false' to disable
2022-03-09 22:34:54.104 INFO  o.s.b.d.env.DevToolsPropertyDefaultsPostProcessor - For additional web related logging consider setting the 'logging.level.web' property to 'DEBUG'
2022-03-09 22:34:54.932 INFO  o.s.d.r.config.RepositoryConfigurationDelegate - Multiple Spring Data modules found, entering strict repository configuration mode!
2022-03-09 22:34:54.932 INFO  o.s.d.r.config.RepositoryConfigurationDelegate - Bootstrapping Spring Data Redis repositories in DEFAULT mode.
2022-03-09 22:34:54.963 INFO  o.s.d.r.config.RepositoryConfigurationDelegate - Finished Spring Data repository scanning in 9 ms. Found 0 Redis repository interfaces.
2022-03-09 22:34:55.729 INFO  o.s.boot.web.embedded.tomcat.TomcatWebServer - Tomcat initialized with port(s): 8080 (http)
2022-03-09 22:34:55.729 INFO  org.apache.catalina.core.AprLifecycleListener - Loaded Apache Tomcat Native library [1.2.31] using APR version [1.7.0].
2022-03-09 22:34:55.729 INFO  org.apache.catalina.core.AprLifecycleListener - APR capabilities: IPv6 [true], sendfile [true], accept filters [false], random [true], UDS [true].
2022-03-09 22:34:55.729 INFO  org.apache.catalina.core.AprLifecycleListener - APR/OpenSSL configuration: useAprConnector [false], useOpenSSL [true]
2022-03-09 22:34:55.729 INFO  org.apache.catalina.core.AprLifecycleListener - OpenSSL successfully initialized [OpenSSL 1.1.1l  24 Aug 2021]
2022-03-09 22:34:55.744 INFO  org.apache.coyote.http11.Http11NioProtocol - Initializing ProtocolHandler ["http-nio-8080"]
2022-03-09 22:34:55.744 INFO  org.apache.catalina.core.StandardService - Starting service [Tomcat]
2022-03-09 22:34:55.744 INFO  org.apache.catalina.core.StandardEngine - Starting Servlet engine: [Apache Tomcat/9.0.56]
2022-03-09 22:34:55.838 INFO  o.a.c.core.ContainerBase.[Tomcat].[localhost].[/] - Initializing Spring embedded WebApplicationContext
2022-03-09 22:34:55.838 INFO  o.s.b.w.s.c.ServletWebServerApplicationContext - Root WebApplicationContext: initialization completed in 1734 ms
2022-03-09 22:34:56.010 INFO  c.a.d.s.b.a.DruidDataSourceAutoConfigure - Init DruidDataSource
2022-03-09 22:34:56.135 INFO  com.alibaba.druid.pool.DruidDataSource - {dataSource-1} inited
2022-03-09 22:34:57.026 INFO  o.s.b.a.web.servlet.WelcomePageHandlerMapping - Adding welcome page template: index
2022-03-09 22:34:57.491 INFO  o.s.b.d.autoconfigure.OptionalLiveReloadServer - LiveReload server is running on port 35729
2022-03-09 22:34:57.538 INFO  org.apache.coyote.http11.Http11NioProtocol - Starting ProtocolHandler ["http-nio-8080"]
2022-03-09 22:34:57.554 INFO  o.s.boot.web.embedded.tomcat.TomcatWebServer - Tomcat started on port(s): 8080 (http) with context path ''
2022-03-09 22:34:57.569 INFO  com.zs.BlogApplication - Started BlogApplication in 4.236 seconds (JVM running for 6.125)
2022-03-09 22:35:20.216 INFO  o.a.c.core.ContainerBase.[Tomcat].[localhost].[/] - Initializing Spring DispatcherServlet 'dispatcherServlet'
2022-03-09 22:35:20.216 INFO  org.springframework.web.servlet.DispatcherServlet - Initializing Servlet 'dispatcherServlet'
2022-03-09 22:35:20.216 INFO  org.springframework.web.servlet.DispatcherServlet - Completed initialization in 0 ms
2022-03-09 22:35:20.875 DEBUG com.zs.mapper.BlogMapper.listConditionBlogs_COUNT - ==>  Preparing: SELECT count(0) FROM tb_blog b INNER JOIN tb_category c ON b.cid = c.cid INNER JOIN tb_copyright cr ON cr.cr_tip_id = b.cr_tip_id INNER JOIN tb_user u ON u.uid = b.uid INNER JOIN tb_blog_outline bo ON bo.did = b.bid WHERE b.is_publish = 1
2022-03-09 22:35:20.891 DEBUG com.zs.mapper.BlogMapper.listConditionBlogs_COUNT - ==> Parameters: 
2022-03-09 22:35:20.922 DEBUG com.zs.mapper.BlogMapper.listConditionBlogs_COUNT - <==      Total: 1
2022-03-09 22:35:20.922 DEBUG com.zs.mapper.BlogMapper.listConditionBlogs - ==>  Preparing: select b.bid,b.title,b.content,b.first_picture,b.cid,b.views,b.is_appreciate,b.is_comment,b.is_publish,b.write_time,b.update_time,b.uid, b.cr_tip_id,b.is_reprint,c.`name`,cr.cr_id,cr.cr_tip,cr.cr_tip_id,u.uid,u.nickname,u.avatar,bo.outline,bo.views from tb_blog b inner join tb_category c on b.cid = c.cid inner join tb_copyright cr on cr.cr_tip_id = b.cr_tip_id inner join tb_user u on u.uid = b.uid inner join tb_blog_outline bo on bo.did = b.bid WHERE b.is_publish = 1 LIMIT ?
2022-03-09 22:35:20.922 DEBUG com.zs.mapper.BlogMapper.listConditionBlogs - ==> Parameters: 5(Integer)
2022-03-09 22:35:20.938 DEBUG com.zs.mapper.BlogMapper.listConditionBlogs - <==      Total: 5
2022-03-09 22:35:20.938 DEBUG c.z.m.CategoryMapper.listSortCategoriesByBlogs - ==>  Preparing: select c.cid,c.name,count(bid) blogs from tb_category c inner join tb_blog b on c.cid = b.cid group by c.cid order by blogs desc
2022-03-09 22:35:20.938 DEBUG c.z.m.CategoryMapper.listSortCategoriesByBlogs - ==> Parameters: 
2022-03-09 22:35:20.938 DEBUG c.z.m.CategoryMapper.listSortCategoriesByBlogs - <==      Total: 4
2022-03-09 22:35:20.938 DEBUG c.z.m.BlogOutlineMapper.listSortByViewsBlogOutline - ==>  Preparing: select did,title,views from tb_blog_outline order by views desc limit 0,10
2022-03-09 22:35:20.938 DEBUG c.z.m.BlogOutlineMapper.listSortByViewsBlogOutline - ==> Parameters: 
2022-03-09 22:35:20.953 DEBUG c.z.m.BlogOutlineMapper.listSortByViewsBlogOutline - <==      Total: 7
2022-03-09 22:35:21.447 ERROR org.thymeleaf.TemplateEngine - [THYMELEAF][http-nio-8080-exec-3] Exception processing template "index": An error happened during template parsing (template: "class path resource [templates/index.html]")
org.thymeleaf.exceptions.TemplateInputException: An error happened during template parsing (template: "class path resource [templates/index.html]")
	at org.thymeleaf.templateparser.markup.AbstractMarkupTemplateParser.parse(AbstractMarkupTemplateParser.java:241)
	at org.thymeleaf.templateparser.markup.AbstractMarkupTemplateParser.parseStandalone(AbstractMarkupTemplateParser.java:100)
	at org.thymeleaf.engine.TemplateManager.parseAndProcess(TemplateManager.java:666)
	at org.thymeleaf.TemplateEngine.process(TemplateEngine.java:1098)
	at org.thymeleaf.TemplateEngine.process(TemplateEngine.java:1072)
	at org.thymeleaf.spring5.view.ThymeleafView.renderFragment(ThymeleafView.java:366)
	at org.thymeleaf.spring5.view.ThymeleafView.render(ThymeleafView.java:190)
	at org.springframework.web.servlet.DispatcherServlet.render(DispatcherServlet.java:1401)
	at org.springframework.web.servlet.DispatcherServlet.processDispatchResult(DispatcherServlet.java:1145)
	at org.springframework.web.servlet.DispatcherServlet.doDispatch(DispatcherServlet.java:1084)
	at org.springframework.web.servlet.DispatcherServlet.doService(DispatcherServlet.java:963)
	at org.springframework.web.servlet.FrameworkServlet.processRequest(FrameworkServlet.java:1006)
	at org.springframework.web.servlet.FrameworkServlet.doGet(FrameworkServlet.java:898)
	at javax.servlet.http.HttpServlet.service(HttpServlet.java:655)
	at org.springframework.web.servlet.FrameworkServlet.service(FrameworkServlet.java:883)
	at javax.servlet.http.HttpServlet.service(HttpServlet.java:764)
	at org.apache.catalina.core.ApplicationFilterChain.internalDoFilter(ApplicationFilterChain.java:227)
	at org.apache.catalina.core.ApplicationFilterChain.doFilter(ApplicationFilterChain.java:162)
	at org.apache.tomcat.websocket.server.WsFilter.doFilter(WsFilter.java:53)
	at org.apache.catalina.core.ApplicationFilterChain.internalDoFilter(ApplicationFilterChain.java:189)
	at org.apache.catalina.core.ApplicationFilterChain.doFilter(ApplicationFilterChain.java:162)
	at org.springframework.web.filter.RequestContextFilter.doFilterInternal(RequestContextFilter.java:100)
	at org.springframework.web.filter.OncePerRequestFilter.doFilter(OncePerRequestFilter.java:117)
	at org.apache.catalina.core.ApplicationFilterChain.internalDoFilter(ApplicationFilterChain.java:189)
	at org.apache.catalina.core.ApplicationFilterChain.doFilter(ApplicationFilterChain.java:162)
	at org.springframework.web.filter.FormContentFilter.doFilterInternal(FormContentFilter.java:93)
	at org.springframework.web.filter.OncePerRequestFilter.doFilter(OncePerRequestFilter.java:117)
	at org.apache.catalina.core.ApplicationFilterChain.internalDoFilter(ApplicationFilterChain.java:189)
	at org.apache.catalina.core.ApplicationFilterChain.doFilter(ApplicationFilterChain.java:162)
	at org.springframework.web.filter.HiddenHttpMethodFilter.doFilterInternal(HiddenHttpMethodFilter.java:94)
	at org.springframework.web.filter.OncePerRequestFilter.doFilter(OncePerRequestFilter.java:117)
	at org.apache.catalina.core.ApplicationFilterChain.internalDoFilter(ApplicationFilterChain.java:189)
	at org.apache.catalina.core.ApplicationFilterChain.doFilter(ApplicationFilterChain.java:162)
	at org.springframework.web.filter.CharacterEncodingFilter.doFilterInternal(CharacterEncodingFilter.java:201)
	at org.springframework.web.filter.OncePerRequestFilter.doFilter(OncePerRequestFilter.java:117)
	at org.apache.catalina.core.ApplicationFilterChain.internalDoFilter(ApplicationFilterChain.java:189)
	at org.apache.catalina.core.ApplicationFilterChain.doFilter(ApplicationFilterChain.java:162)
	at org.apache.catalina.core.StandardWrapperValve.invoke(StandardWrapperValve.java:197)
	at org.apache.catalina.core.StandardContextValve.invoke(StandardContextValve.java:97)
	at org.apache.catalina.authenticator.AuthenticatorBase.invoke(AuthenticatorBase.java:540)
	at org.apache.catalina.core.StandardHostValve.invoke(StandardHostValve.java:135)
	at org.apache.catalina.valves.ErrorReportValve.invoke(ErrorReportValve.java:92)
	at org.apache.catalina.core.StandardEngineValve.invoke(StandardEngineValve.java:78)
	at org.apache.catalina.connector.CoyoteAdapter.service(CoyoteAdapter.java:357)
	at org.apache.coyote.http11.Http11Processor.service(Http11Processor.java:382)
	at org.apache.coyote.AbstractProcessorLight.process(AbstractProcessorLight.java:65)
	at org.apache.coyote.AbstractProtocol$ConnectionHandler.process(AbstractProtocol.java:895)
	at org.apache.tomcat.util.net.NioEndpoint$SocketProcessor.doRun(NioEndpoint.java:1732)
	at org.apache.tomcat.util.net.SocketProcessorBase.run(SocketProcessorBase.java:49)
	at org.apache.tomcat.util.threads.ThreadPoolExecutor.runWorker(ThreadPoolExecutor.java:1191)
	at org.apache.tomcat.util.threads.ThreadPoolExecutor$Worker.run(ThreadPoolExecutor.java:659)
	at org.apache.tomcat.util.threads.TaskThread$WrappingRunnable.run(TaskThread.java:61)
	at java.lang.Thread.run(Thread.java:748)
Caused by: org.attoparser.ParseException: Could not parse as expression: "@{/blog/get/{bid}(bid=${recommend.did})" (template: "index" - line 150, col 126)
	at org.attoparser.MarkupParser.parseDocument(MarkupParser.java:393)
	at org.attoparser.MarkupParser.parse(MarkupParser.java:257)
	at org.thymeleaf.templateparser.markup.AbstractMarkupTemplateParser.parse(AbstractMarkupTemplateParser.java:230)
	... 52 common frames omitted
Caused by: org.thymeleaf.exceptions.TemplateProcessingException: Could not parse as expression: "@{/blog/get/{bid}(bid=${recommend.did})" (template: "index" - line 150, col 126)
	at org.thymeleaf.standard.expression.StandardExpressionParser.parseExpression(StandardExpressionParser.java:131)
	at org.thymeleaf.standard.expression.StandardExpressionParser.parseExpression(StandardExpressionParser.java:62)
	at org.thymeleaf.standard.expression.StandardExpressionParser.parseExpression(StandardExpressionParser.java:44)
	at org.thymeleaf.engine.EngineEventUtils.parseAttributeExpression(EngineEventUtils.java:220)
	at org.thymeleaf.engine.EngineEventUtils.computeAttributeExpression(EngineEventUtils.java:207)
	at org.thymeleaf.standard.processor.AbstractStandardExpressionAttributeTagProcessor.doProcess(AbstractStandardExpressionAttributeTagProcessor.java:125)
	at org.thymeleaf.processor.element.AbstractAttributeTagProcessor.doProcess(AbstractAttributeTagProcessor.java:74)
	at org.thymeleaf.processor.element.AbstractElementTagProcessor.process(AbstractElementTagProcessor.java:95)
	at org.thymeleaf.util.ProcessorConfigurationUtils$ElementTagProcessorWrapper.process(ProcessorConfigurationUtils.java:633)
	at org.thymeleaf.engine.ProcessorTemplateHandler.handleOpenElement(ProcessorTemplateHandler.java:1314)
	at org.thymeleaf.engine.OpenElementTag.beHandled(OpenElementTag.java:205)
	at org.thymeleaf.engine.Model.process(Model.java:282)
	at org.thymeleaf.engine.Model.process(Model.java:290)
	at org.thymeleaf.engine.IteratedGatheringModelProcessable.processIterationModel(IteratedGatheringModelProcessable.java:367)
	at org.thymeleaf.engine.IteratedGatheringModelProcessable.process(IteratedGatheringModelProcessable.java:221)
	at org.thymeleaf.engine.ProcessorTemplateHandler.handleCloseElement(ProcessorTemplateHandler.java:1640)
	at org.thymeleaf.engine.TemplateHandlerAdapterMarkupHandler.handleCloseElementEnd(TemplateHandlerAdapterMarkupHandler.java:388)
	at org.thymeleaf.templateparser.markup.InlinedOutputExpressionMarkupHandler$InlineMarkupAdapterPreProcessorHandler.handleCloseElementEnd(InlinedOutputExpressionMarkupHandler.java:322)
	at org.thymeleaf.standard.inline.OutputExpressionInlinePreProcessorHandler.handleCloseElementEnd(OutputExpressionInlinePreProcessorHandler.java:220)
	at org.thymeleaf.templateparser.markup.InlinedOutputExpressionMarkupHandler.handleCloseElementEnd(InlinedOutputExpressionMarkupHandler.java:164)
	at org.attoparser.HtmlElement.handleCloseElementEnd(HtmlElement.java:169)
	at org.attoparser.HtmlMarkupHandler.handleCloseElementEnd(HtmlMarkupHandler.java:412)
	at org.attoparser.MarkupEventProcessorHandler.handleCloseElementEnd(MarkupEventProcessorHandler.java:473)
	at org.attoparser.ParsingElementMarkupUtil.parseCloseElement(ParsingElementMarkupUtil.java:201)
	at org.attoparser.MarkupParser.parseBuffer(MarkupParser.java:725)
	at org.attoparser.MarkupParser.parseDocument(MarkupParser.java:301)
	... 54 common frames omitted
2022-03-09 22:35:21.447 ERROR o.a.c.c.C.[.[localhost].[/].[dispatcherServlet] - Servlet.service() for servlet [dispatcherServlet] in context with path [] threw exception [Request processing failed; nested exception is org.thymeleaf.exceptions.TemplateInputException: An error happened during template parsing (template: "class path resource [templates/index.html]")] with root cause
org.thymeleaf.exceptions.TemplateProcessingException: Could not parse as expression: "@{/blog/get/{bid}(bid=${recommend.did})" (template: "index" - line 150, col 126)
	at org.thymeleaf.standard.expression.StandardExpressionParser.parseExpression(StandardExpressionParser.java:131)
	at org.thymeleaf.standard.expression.StandardExpressionParser.parseExpression(StandardExpressionParser.java:62)
	at org.thymeleaf.standard.expression.StandardExpressionParser.parseExpression(StandardExpressionParser.java:44)
	at org.thymeleaf.engine.EngineEventUtils.parseAttributeExpression(EngineEventUtils.java:220)
	at org.thymeleaf.engine.EngineEventUtils.computeAttributeExpression(EngineEventUtils.java:207)
	at org.thymeleaf.standard.processor.AbstractStandardExpressionAttributeTagProcessor.doProcess(AbstractStandardExpressionAttributeTagProcessor.java:125)
	at org.thymeleaf.processor.element.AbstractAttributeTagProcessor.doProcess(AbstractAttributeTagProcessor.java:74)
	at org.thymeleaf.processor.element.AbstractElementTagProcessor.process(AbstractElementTagProcessor.java:95)
	at org.thymeleaf.util.ProcessorConfigurationUtils$ElementTagProcessorWrapper.process(ProcessorConfigurationUtils.java:633)
	at org.thymeleaf.engine.ProcessorTemplateHandler.handleOpenElement(ProcessorTemplateHandler.java:1314)
	at org.thymeleaf.engine.OpenElementTag.beHandled(OpenElementTag.java:205)
	at org.thymeleaf.engine.Model.process(Model.java:282)
	at org.thymeleaf.engine.Model.process(Model.java:290)
	at org.thymeleaf.engine.IteratedGatheringModelProcessable.processIterationModel(IteratedGatheringModelProcessable.java:367)
	at org.thymeleaf.engine.IteratedGatheringModelProcessable.process(IteratedGatheringModelProcessable.java:221)
	at org.thymeleaf.engine.ProcessorTemplateHandler.handleCloseElement(ProcessorTemplateHandler.java:1640)
	at org.thymeleaf.engine.TemplateHandlerAdapterMarkupHandler.handleCloseElementEnd(TemplateHandlerAdapterMarkupHandler.java:388)
	at org.thymeleaf.templateparser.markup.InlinedOutputExpressionMarkupHandler$InlineMarkupAdapterPreProcessorHandler.handleCloseElementEnd(InlinedOutputExpressionMarkupHandler.java:322)
	at org.thymeleaf.standard.inline.OutputExpressionInlinePreProcessorHandler.handleCloseElementEnd(OutputExpressionInlinePreProcessorHandler.java:220)
	at org.thymeleaf.templateparser.markup.InlinedOutputExpressionMarkupHandler.handleCloseElementEnd(InlinedOutputExpressionMarkupHandler.java:164)
	at org.attoparser.HtmlElement.handleCloseElementEnd(HtmlElement.java:169)
	at org.attoparser.HtmlMarkupHandler.handleCloseElementEnd(HtmlMarkupHandler.java:412)
	at org.attoparser.MarkupEventProcessorHandler.handleCloseElementEnd(MarkupEventProcessorHandler.java:473)
	at org.attoparser.ParsingElementMarkupUtil.parseCloseElement(ParsingElementMarkupUtil.java:201)
	at org.attoparser.MarkupParser.parseBuffer(MarkupParser.java:725)
	at org.attoparser.MarkupParser.parseDocument(MarkupParser.java:301)
	at org.attoparser.MarkupParser.parse(MarkupParser.java:257)
	at org.thymeleaf.templateparser.markup.AbstractMarkupTemplateParser.parse(AbstractMarkupTemplateParser.java:230)
	at org.thymeleaf.templateparser.markup.AbstractMarkupTemplateParser.parseStandalone(AbstractMarkupTemplateParser.java:100)
	at org.thymeleaf.engine.TemplateManager.parseAndProcess(TemplateManager.java:666)
	at org.thymeleaf.TemplateEngine.process(TemplateEngine.java:1098)
	at org.thymeleaf.TemplateEngine.process(TemplateEngine.java:1072)
	at org.thymeleaf.spring5.view.ThymeleafView.renderFragment(ThymeleafView.java:366)
	at org.thymeleaf.spring5.view.ThymeleafView.render(ThymeleafView.java:190)
	at org.springframework.web.servlet.DispatcherServlet.render(DispatcherServlet.java:1401)
	at org.springframework.web.servlet.DispatcherServlet.processDispatchResult(DispatcherServlet.java:1145)
	at org.springframework.web.servlet.DispatcherServlet.doDispatch(DispatcherServlet.java:1084)
	at org.springframework.web.servlet.DispatcherServlet.doService(DispatcherServlet.java:963)
	at org.springframework.web.servlet.FrameworkServlet.processRequest(FrameworkServlet.java:1006)
	at org.springframework.web.servlet.FrameworkServlet.doGet(FrameworkServlet.java:898)
	at javax.servlet.http.HttpServlet.service(HttpServlet.java:655)
	at org.springframework.web.servlet.FrameworkServlet.service(FrameworkServlet.java:883)
	at javax.servlet.http.HttpServlet.service(HttpServlet.java:764)
	at org.apache.catalina.core.ApplicationFilterChain.internalDoFilter(ApplicationFilterChain.java:227)
	at org.apache.catalina.core.ApplicationFilterChain.doFilter(ApplicationFilterChain.java:162)
	at org.apache.tomcat.websocket.server.WsFilter.doFilter(WsFilter.java:53)
	at org.apache.catalina.core.ApplicationFilterChain.internalDoFilter(ApplicationFilterChain.java:189)
	at org.apache.catalina.core.ApplicationFilterChain.doFilter(ApplicationFilterChain.java:162)
	at org.springframework.web.filter.RequestContextFilter.doFilterInternal(RequestContextFilter.java:100)
	at org.springframework.web.filter.OncePerRequestFilter.doFilter(OncePerRequestFilter.java:117)
	at org.apache.catalina.core.ApplicationFilterChain.internalDoFilter(ApplicationFilterChain.java:189)
	at org.apache.catalina.core.ApplicationFilterChain.doFilter(ApplicationFilterChain.java:162)
	at org.springframework.web.filter.FormContentFilter.doFilterInternal(FormContentFilter.java:93)
	at org.springframework.web.filter.OncePerRequestFilter.doFilter(OncePerRequestFilter.java:117)
	at org.apache.catalina.core.ApplicationFilterChain.internalDoFilter(ApplicationFilterChain.java:189)
	at org.apache.catalina.core.ApplicationFilterChain.doFilter(ApplicationFilterChain.java:162)
	at org.springframework.web.filter.HiddenHttpMethodFilter.doFilterInternal(HiddenHttpMethodFilter.java:94)
	at org.springframework.web.filter.OncePerRequestFilter.doFilter(OncePerRequestFilter.java:117)
	at org.apache.catalina.core.ApplicationFilterChain.internalDoFilter(ApplicationFilterChain.java:189)
	at org.apache.catalina.core.ApplicationFilterChain.doFilter(ApplicationFilterChain.java:162)
	at org.springframework.web.filter.CharacterEncodingFilter.doFilterInternal(CharacterEncodingFilter.java:201)
	at org.springframework.web.filter.OncePerRequestFilter.doFilter(OncePerRequestFilter.java:117)
	at org.apache.catalina.core.ApplicationFilterChain.internalDoFilter(ApplicationFilterChain.java:189)
	at org.apache.catalina.core.ApplicationFilterChain.doFilter(ApplicationFilterChain.java:162)
	at org.apache.catalina.core.StandardWrapperValve.invoke(StandardWrapperValve.java:197)
	at org.apache.catalina.core.StandardContextValve.invoke(StandardContextValve.java:97)
	at org.apache.catalina.authenticator.AuthenticatorBase.invoke(AuthenticatorBase.java:540)
	at org.apache.catalina.core.StandardHostValve.invoke(StandardHostValve.java:135)
	at org.apache.catalina.valves.ErrorReportValve.invoke(ErrorReportValve.java:92)
	at org.apache.catalina.core.StandardEngineValve.invoke(StandardEngineValve.java:78)
	at org.apache.catalina.connector.CoyoteAdapter.service(CoyoteAdapter.java:357)
	at org.apache.coyote.http11.Http11Processor.service(Http11Processor.java:382)
	at org.apache.coyote.AbstractProcessorLight.process(AbstractProcessorLight.java:65)
	at org.apache.coyote.AbstractProtocol$ConnectionHandler.process(AbstractProtocol.java:895)
	at org.apache.tomcat.util.net.NioEndpoint$SocketProcessor.doRun(NioEndpoint.java:1732)
	at org.apache.tomcat.util.net.SocketProcessorBase.run(SocketProcessorBase.java:49)
	at org.apache.tomcat.util.threads.ThreadPoolExecutor.runWorker(ThreadPoolExecutor.java:1191)
	at org.apache.tomcat.util.threads.ThreadPoolExecutor$Worker.run(ThreadPoolExecutor.java:659)
	at org.apache.tomcat.util.threads.TaskThread$WrappingRunnable.run(TaskThread.java:61)
	at java.lang.Thread.run(Thread.java:748)
2022-03-09 22:35:21.494 ERROR o.s.b.a.w.s.e.ErrorMvcAutoConfiguration$StaticView - Cannot render error page for request [/blog/index/] and exception [An error happened during template parsing (template: "class path resource [templates/index.html]")] as the response has already been committed. As a result, the response may have the wrong status code.
2022-03-09 22:35:55.770 DEBUG com.zs.mapper.BlogMapper.listConditionBlogs_COUNT - ==>  Preparing: SELECT count(0) FROM tb_blog b INNER JOIN tb_category c ON b.cid = c.cid INNER JOIN tb_copyright cr ON cr.cr_tip_id = b.cr_tip_id INNER JOIN tb_user u ON u.uid = b.uid INNER JOIN tb_blog_outline bo ON bo.did = b.bid WHERE b.is_publish = 1
2022-03-09 22:35:55.770 DEBUG com.zs.mapper.BlogMapper.listConditionBlogs_COUNT - ==> Parameters: 
2022-03-09 22:35:55.785 DEBUG com.zs.mapper.BlogMapper.listConditionBlogs_COUNT - <==      Total: 1
2022-03-09 22:35:55.785 DEBUG com.zs.mapper.BlogMapper.listConditionBlogs - ==>  Preparing: select b.bid,b.title,b.content,b.first_picture,b.cid,b.views,b.is_appreciate,b.is_comment,b.is_publish,b.write_time,b.update_time,b.uid, b.cr_tip_id,b.is_reprint,c.`name`,cr.cr_id,cr.cr_tip,cr.cr_tip_id,u.uid,u.nickname,u.avatar,bo.outline,bo.views from tb_blog b inner join tb_category c on b.cid = c.cid inner join tb_copyright cr on cr.cr_tip_id = b.cr_tip_id inner join tb_user u on u.uid = b.uid inner join tb_blog_outline bo on bo.did = b.bid WHERE b.is_publish = 1 LIMIT ?
2022-03-09 22:35:55.785 DEBUG com.zs.mapper.BlogMapper.listConditionBlogs - ==> Parameters: 5(Integer)
2022-03-09 22:35:55.785 DEBUG com.zs.mapper.BlogMapper.listConditionBlogs - <==      Total: 5
2022-03-09 22:35:55.801 DEBUG c.z.m.CategoryMapper.listSortCategoriesByBlogs - ==>  Preparing: select c.cid,c.name,count(bid) blogs from tb_category c inner join tb_blog b on c.cid = b.cid group by c.cid order by blogs desc
2022-03-09 22:35:55.801 DEBUG c.z.m.CategoryMapper.listSortCategoriesByBlogs - ==> Parameters: 
2022-03-09 22:35:55.801 DEBUG c.z.m.CategoryMapper.listSortCategoriesByBlogs - <==      Total: 4
2022-03-09 22:35:55.801 DEBUG c.z.m.BlogOutlineMapper.listSortByViewsBlogOutline - ==>  Preparing: select did,title,views from tb_blog_outline order by views desc limit 0,10
2022-03-09 22:35:55.801 DEBUG c.z.m.BlogOutlineMapper.listSortByViewsBlogOutline - ==> Parameters: 
2022-03-09 22:35:55.801 DEBUG c.z.m.BlogOutlineMapper.listSortByViewsBlogOutline - <==      Total: 7
2022-03-09 22:36:35.788 DEBUG com.zs.mapper.BlogMapper.listConditionBlogs_COUNT - ==>  Preparing: SELECT count(0) FROM tb_blog b INNER JOIN tb_category c ON b.cid = c.cid INNER JOIN tb_copyright cr ON cr.cr_tip_id = b.cr_tip_id INNER JOIN tb_user u ON u.uid = b.uid INNER JOIN tb_blog_outline bo ON bo.did = b.bid WHERE b.is_publish = 1
2022-03-09 22:36:35.788 DEBUG com.zs.mapper.BlogMapper.listConditionBlogs_COUNT - ==> Parameters: 
2022-03-09 22:36:35.788 DEBUG com.zs.mapper.BlogMapper.listConditionBlogs_COUNT - <==      Total: 1
2022-03-09 22:36:35.788 DEBUG com.zs.mapper.BlogMapper.listConditionBlogs - ==>  Preparing: select b.bid,b.title,b.content,b.first_picture,b.cid,b.views,b.is_appreciate,b.is_comment,b.is_publish,b.write_time,b.update_time,b.uid, b.cr_tip_id,b.is_reprint,c.`name`,cr.cr_id,cr.cr_tip,cr.cr_tip_id,u.uid,u.nickname,u.avatar,bo.outline,bo.views from tb_blog b inner join tb_category c on b.cid = c.cid inner join tb_copyright cr on cr.cr_tip_id = b.cr_tip_id inner join tb_user u on u.uid = b.uid inner join tb_blog_outline bo on bo.did = b.bid WHERE b.is_publish = 1 LIMIT ?
2022-03-09 22:36:35.788 DEBUG com.zs.mapper.BlogMapper.listConditionBlogs - ==> Parameters: 5(Integer)
2022-03-09 22:36:35.788 DEBUG com.zs.mapper.BlogMapper.listConditionBlogs - <==      Total: 5
2022-03-09 22:36:35.803 DEBUG c.z.m.CategoryMapper.listSortCategoriesByBlogs - ==>  Preparing: select c.cid,c.name,count(bid) blogs from tb_category c inner join tb_blog b on c.cid = b.cid group by c.cid order by blogs desc
2022-03-09 22:36:35.803 DEBUG c.z.m.CategoryMapper.listSortCategoriesByBlogs - ==> Parameters: 
2022-03-09 22:36:35.803 DEBUG c.z.m.CategoryMapper.listSortCategoriesByBlogs - <==      Total: 4
2022-03-09 22:36:35.803 DEBUG c.z.m.BlogOutlineMapper.listSortByViewsBlogOutline - ==>  Preparing: select did,title,views from tb_blog_outline order by views desc limit 0,10
2022-03-09 22:36:35.803 DEBUG c.z.m.BlogOutlineMapper.listSortByViewsBlogOutline - ==> Parameters: 
2022-03-09 22:36:35.803 DEBUG c.z.m.BlogOutlineMapper.listSortByViewsBlogOutline - <==      Total: 7
2022-03-09 22:37:10.053 DEBUG com.zs.mapper.BlogMapper.listConditionBlogs_COUNT - ==>  Preparing: SELECT count(0) FROM tb_blog b INNER JOIN tb_category c ON b.cid = c.cid INNER JOIN tb_copyright cr ON cr.cr_tip_id = b.cr_tip_id INNER JOIN tb_user u ON u.uid = b.uid INNER JOIN tb_blog_outline bo ON bo.did = b.bid WHERE b.is_publish = 1
2022-03-09 22:37:10.054 DEBUG com.zs.mapper.BlogMapper.listConditionBlogs_COUNT - ==> Parameters: 
2022-03-09 22:37:10.056 DEBUG com.zs.mapper.BlogMapper.listConditionBlogs_COUNT - <==      Total: 1
2022-03-09 22:37:10.057 DEBUG com.zs.mapper.BlogMapper.listConditionBlogs - ==>  Preparing: select b.bid,b.title,b.content,b.first_picture,b.cid,b.views,b.is_appreciate,b.is_comment,b.is_publish,b.write_time,b.update_time,b.uid, b.cr_tip_id,b.is_reprint,c.`name`,cr.cr_id,cr.cr_tip,cr.cr_tip_id,u.uid,u.nickname,u.avatar,bo.outline,bo.views from tb_blog b inner join tb_category c on b.cid = c.cid inner join tb_copyright cr on cr.cr_tip_id = b.cr_tip_id inner join tb_user u on u.uid = b.uid inner join tb_blog_outline bo on bo.did = b.bid WHERE b.is_publish = 1 LIMIT ?
2022-03-09 22:37:10.058 DEBUG com.zs.mapper.BlogMapper.listConditionBlogs - ==> Parameters: 5(Integer)
2022-03-09 22:37:10.078 DEBUG com.zs.mapper.BlogMapper.listConditionBlogs - <==      Total: 5
2022-03-09 22:37:10.079 DEBUG c.z.m.CategoryMapper.listSortCategoriesByBlogs - ==>  Preparing: select c.cid,c.name,count(bid) blogs from tb_category c inner join tb_blog b on c.cid = b.cid group by c.cid order by blogs desc
2022-03-09 22:37:10.080 DEBUG c.z.m.CategoryMapper.listSortCategoriesByBlogs - ==> Parameters: 
2022-03-09 22:37:10.082 DEBUG c.z.m.CategoryMapper.listSortCategoriesByBlogs - <==      Total: 4
2022-03-09 22:37:10.084 DEBUG c.z.m.BlogOutlineMapper.listSortByViewsBlogOutline - ==>  Preparing: select did,title,views from tb_blog_outline order by views desc limit 0,10
2022-03-09 22:37:10.086 DEBUG c.z.m.BlogOutlineMapper.listSortByViewsBlogOutline - ==> Parameters: 
2022-03-09 22:37:10.090 DEBUG c.z.m.BlogOutlineMapper.listSortByViewsBlogOutline - <==      Total: 7
2022-03-09 22:37:38.542 DEBUG com.zs.mapper.BlogMapper.listConditionBlogs_COUNT - ==>  Preparing: SELECT count(0) FROM tb_blog b INNER JOIN tb_category c ON b.cid = c.cid INNER JOIN tb_copyright cr ON cr.cr_tip_id = b.cr_tip_id INNER JOIN tb_user u ON u.uid = b.uid INNER JOIN tb_blog_outline bo ON bo.did = b.bid WHERE b.is_publish = 1
2022-03-09 22:37:38.543 DEBUG com.zs.mapper.BlogMapper.listConditionBlogs_COUNT - ==> Parameters: 
2022-03-09 22:37:38.545 DEBUG com.zs.mapper.BlogMapper.listConditionBlogs_COUNT - <==      Total: 1
2022-03-09 22:37:38.545 DEBUG com.zs.mapper.BlogMapper.listConditionBlogs - ==>  Preparing: select b.bid,b.title,b.content,b.first_picture,b.cid,b.views,b.is_appreciate,b.is_comment,b.is_publish,b.write_time,b.update_time,b.uid, b.cr_tip_id,b.is_reprint,c.`name`,cr.cr_id,cr.cr_tip,cr.cr_tip_id,u.uid,u.nickname,u.avatar,bo.outline,bo.views from tb_blog b inner join tb_category c on b.cid = c.cid inner join tb_copyright cr on cr.cr_tip_id = b.cr_tip_id inner join tb_user u on u.uid = b.uid inner join tb_blog_outline bo on bo.did = b.bid WHERE b.is_publish = 1 LIMIT ?
2022-03-09 22:37:38.545 DEBUG com.zs.mapper.BlogMapper.listConditionBlogs - ==> Parameters: 5(Integer)
2022-03-09 22:37:38.545 DEBUG com.zs.mapper.BlogMapper.listConditionBlogs - <==      Total: 5
2022-03-09 22:37:38.545 DEBUG c.z.m.CategoryMapper.listSortCategoriesByBlogs - ==>  Preparing: select c.cid,c.name,count(bid) blogs from tb_category c inner join tb_blog b on c.cid = b.cid group by c.cid order by blogs desc
2022-03-09 22:37:38.545 DEBUG c.z.m.CategoryMapper.listSortCategoriesByBlogs - ==> Parameters: 
2022-03-09 22:37:38.545 DEBUG c.z.m.CategoryMapper.listSortCategoriesByBlogs - <==      Total: 4
2022-03-09 22:37:38.545 DEBUG c.z.m.BlogOutlineMapper.listSortByViewsBlogOutline - ==>  Preparing: select did,title,views from tb_blog_outline order by views desc limit 0,10
2022-03-09 22:37:38.545 DEBUG c.z.m.BlogOutlineMapper.listSortByViewsBlogOutline - ==> Parameters: 
2022-03-09 22:37:38.545 DEBUG c.z.m.BlogOutlineMapper.listSortByViewsBlogOutline - <==      Total: 7
2022-03-09 22:38:36.992 DEBUG com.zs.mapper.BlogMapper.listConditionBlogs_COUNT - ==>  Preparing: SELECT count(0) FROM tb_blog b INNER JOIN tb_category c ON b.cid = c.cid INNER JOIN tb_copyright cr ON cr.cr_tip_id = b.cr_tip_id INNER JOIN tb_user u ON u.uid = b.uid INNER JOIN tb_blog_outline bo ON bo.did = b.bid WHERE b.is_publish = 1
2022-03-09 22:38:36.992 DEBUG com.zs.mapper.BlogMapper.listConditionBlogs_COUNT - ==> Parameters: 
2022-03-09 22:38:36.992 DEBUG com.zs.mapper.BlogMapper.listConditionBlogs_COUNT - <==      Total: 1
2022-03-09 22:38:36.992 DEBUG com.zs.mapper.BlogMapper.listConditionBlogs - ==>  Preparing: select b.bid,b.title,b.content,b.first_picture,b.cid,b.views,b.is_appreciate,b.is_comment,b.is_publish,b.write_time,b.update_time,b.uid, b.cr_tip_id,b.is_reprint,c.`name`,cr.cr_id,cr.cr_tip,cr.cr_tip_id,u.uid,u.nickname,u.avatar,bo.outline,bo.views from tb_blog b inner join tb_category c on b.cid = c.cid inner join tb_copyright cr on cr.cr_tip_id = b.cr_tip_id inner join tb_user u on u.uid = b.uid inner join tb_blog_outline bo on bo.did = b.bid WHERE b.is_publish = 1 LIMIT ?
2022-03-09 22:38:36.992 DEBUG com.zs.mapper.BlogMapper.listConditionBlogs - ==> Parameters: 5(Integer)
2022-03-09 22:38:36.992 DEBUG com.zs.mapper.BlogMapper.listConditionBlogs - <==      Total: 5
2022-03-09 22:38:36.992 DEBUG c.z.m.CategoryMapper.listSortCategoriesByBlogs - ==>  Preparing: select c.cid,c.name,count(bid) blogs from tb_category c inner join tb_blog b on c.cid = b.cid group by c.cid order by blogs desc
2022-03-09 22:38:36.992 DEBUG c.z.m.CategoryMapper.listSortCategoriesByBlogs - ==> Parameters: 
2022-03-09 22:38:37.007 DEBUG c.z.m.CategoryMapper.listSortCategoriesByBlogs - <==      Total: 4
2022-03-09 22:38:37.007 DEBUG c.z.m.BlogOutlineMapper.listSortByViewsBlogOutline - ==>  Preparing: select did,title,views from tb_blog_outline order by views desc limit 0,10
2022-03-09 22:38:37.007 DEBUG c.z.m.BlogOutlineMapper.listSortByViewsBlogOutline - ==> Parameters: 
2022-03-09 22:38:37.007 DEBUG c.z.m.BlogOutlineMapper.listSortByViewsBlogOutline - <==      Total: 7
2022-03-09 22:40:24.497 DEBUG com.zs.mapper.BlogMapper.listConditionBlogs_COUNT - ==>  Preparing: SELECT count(0) FROM tb_blog b INNER JOIN tb_category c ON b.cid = c.cid INNER JOIN tb_copyright cr ON cr.cr_tip_id = b.cr_tip_id INNER JOIN tb_user u ON u.uid = b.uid INNER JOIN tb_blog_outline bo ON bo.did = b.bid WHERE b.is_publish = 1
2022-03-09 22:40:24.497 DEBUG com.zs.mapper.BlogMapper.listConditionBlogs_COUNT - ==> Parameters: 
2022-03-09 22:40:24.497 DEBUG com.zs.mapper.BlogMapper.listConditionBlogs_COUNT - <==      Total: 1
2022-03-09 22:40:24.512 DEBUG com.zs.mapper.BlogMapper.listConditionBlogs - ==>  Preparing: select b.bid,b.title,b.content,b.first_picture,b.cid,b.views,b.is_appreciate,b.is_comment,b.is_publish,b.write_time,b.update_time,b.uid, b.cr_tip_id,b.is_reprint,c.`name`,cr.cr_id,cr.cr_tip,cr.cr_tip_id,u.uid,u.nickname,u.avatar,bo.outline,bo.views from tb_blog b inner join tb_category c on b.cid = c.cid inner join tb_copyright cr on cr.cr_tip_id = b.cr_tip_id inner join tb_user u on u.uid = b.uid inner join tb_blog_outline bo on bo.did = b.bid WHERE b.is_publish = 1 LIMIT ?
2022-03-09 22:40:24.512 DEBUG com.zs.mapper.BlogMapper.listConditionBlogs - ==> Parameters: 5(Integer)
2022-03-09 22:40:24.512 DEBUG com.zs.mapper.BlogMapper.listConditionBlogs - <==      Total: 5
2022-03-09 22:40:24.512 DEBUG c.z.m.CategoryMapper.listSortCategoriesByBlogs - ==>  Preparing: select c.cid,c.name,count(bid) blogs from tb_category c inner join tb_blog b on c.cid = b.cid group by c.cid order by blogs desc
2022-03-09 22:40:24.512 DEBUG c.z.m.CategoryMapper.listSortCategoriesByBlogs - ==> Parameters: 
2022-03-09 22:40:24.512 DEBUG c.z.m.CategoryMapper.listSortCategoriesByBlogs - <==      Total: 4
2022-03-09 22:40:24.512 DEBUG c.z.m.BlogOutlineMapper.listSortByViewsBlogOutline - ==>  Preparing: select did,title,views from tb_blog_outline order by views desc limit 0,10
2022-03-09 22:40:24.512 DEBUG c.z.m.BlogOutlineMapper.listSortByViewsBlogOutline - ==> Parameters: 
2022-03-09 22:40:24.512 DEBUG c.z.m.BlogOutlineMapper.listSortByViewsBlogOutline - <==      Total: 7
2022-03-09 22:41:30.666 DEBUG com.zs.mapper.BlogMapper.listConditionBlogs_COUNT - ==>  Preparing: SELECT count(0) FROM tb_blog b INNER JOIN tb_category c ON b.cid = c.cid INNER JOIN tb_copyright cr ON cr.cr_tip_id = b.cr_tip_id INNER JOIN tb_user u ON u.uid = b.uid INNER JOIN tb_blog_outline bo ON bo.did = b.bid WHERE b.is_publish = 1
2022-03-09 22:41:30.666 DEBUG com.zs.mapper.BlogMapper.listConditionBlogs_COUNT - ==> Parameters: 
2022-03-09 22:41:30.728 DEBUG com.zs.mapper.BlogMapper.listConditionBlogs_COUNT - <==      Total: 1
2022-03-09 22:41:30.728 DEBUG com.zs.mapper.BlogMapper.listConditionBlogs - ==>  Preparing: select b.bid,b.title,b.content,b.first_picture,b.cid,b.views,b.is_appreciate,b.is_comment,b.is_publish,b.write_time,b.update_time,b.uid, b.cr_tip_id,b.is_reprint,c.`name`,cr.cr_id,cr.cr_tip,cr.cr_tip_id,u.uid,u.nickname,u.avatar,bo.outline,bo.views from tb_blog b inner join tb_category c on b.cid = c.cid inner join tb_copyright cr on cr.cr_tip_id = b.cr_tip_id inner join tb_user u on u.uid = b.uid inner join tb_blog_outline bo on bo.did = b.bid WHERE b.is_publish = 1 LIMIT ?
2022-03-09 22:41:30.728 DEBUG com.zs.mapper.BlogMapper.listConditionBlogs - ==> Parameters: 5(Integer)
2022-03-09 22:41:30.744 DEBUG com.zs.mapper.BlogMapper.listConditionBlogs - <==      Total: 5
2022-03-09 22:41:30.744 DEBUG c.z.m.CategoryMapper.listSortCategoriesByBlogs - ==>  Preparing: select c.cid,c.name,count(bid) blogs from tb_category c inner join tb_blog b on c.cid = b.cid group by c.cid order by blogs desc
2022-03-09 22:41:30.744 DEBUG c.z.m.CategoryMapper.listSortCategoriesByBlogs - ==> Parameters: 
2022-03-09 22:41:30.744 DEBUG c.z.m.CategoryMapper.listSortCategoriesByBlogs - <==      Total: 4
2022-03-09 22:41:30.744 DEBUG c.z.m.BlogOutlineMapper.listSortByViewsBlogOutline - ==>  Preparing: select did,title,views from tb_blog_outline order by views desc limit 0,10
2022-03-09 22:41:30.744 DEBUG c.z.m.BlogOutlineMapper.listSortByViewsBlogOutline - ==> Parameters: 
2022-03-09 22:41:30.744 DEBUG c.z.m.BlogOutlineMapper.listSortByViewsBlogOutline - <==      Total: 7
2022-03-09 22:43:06.824 DEBUG com.zs.mapper.BlogMapper.listConditionBlogs_COUNT - ==>  Preparing: SELECT count(0) FROM tb_blog b INNER JOIN tb_category c ON b.cid = c.cid INNER JOIN tb_copyright cr ON cr.cr_tip_id = b.cr_tip_id INNER JOIN tb_user u ON u.uid = b.uid INNER JOIN tb_blog_outline bo ON bo.did = b.bid WHERE b.is_publish = 1
2022-03-09 22:43:06.824 DEBUG com.zs.mapper.BlogMapper.listConditionBlogs_COUNT - ==> Parameters: 
2022-03-09 22:43:06.839 DEBUG com.zs.mapper.BlogMapper.listConditionBlogs_COUNT - <==      Total: 1
2022-03-09 22:43:06.841 DEBUG com.zs.mapper.BlogMapper.listConditionBlogs - ==>  Preparing: select b.bid,b.title,b.content,b.first_picture,b.cid,b.views,b.is_appreciate,b.is_comment,b.is_publish,b.write_time,b.update_time,b.uid, b.cr_tip_id,b.is_reprint,c.`name`,cr.cr_id,cr.cr_tip,cr.cr_tip_id,u.uid,u.nickname,u.avatar,bo.outline,bo.views from tb_blog b inner join tb_category c on b.cid = c.cid inner join tb_copyright cr on cr.cr_tip_id = b.cr_tip_id inner join tb_user u on u.uid = b.uid inner join tb_blog_outline bo on bo.did = b.bid WHERE b.is_publish = 1 LIMIT ?
2022-03-09 22:43:06.842 DEBUG com.zs.mapper.BlogMapper.listConditionBlogs - ==> Parameters: 5(Integer)
2022-03-09 22:43:06.847 DEBUG com.zs.mapper.BlogMapper.listConditionBlogs - <==      Total: 5
2022-03-09 22:43:06.847 DEBUG c.z.m.CategoryMapper.listSortCategoriesByBlogs - ==>  Preparing: select c.cid,c.name,count(bid) blogs from tb_category c inner join tb_blog b on c.cid = b.cid group by c.cid order by blogs desc
2022-03-09 22:43:06.847 DEBUG c.z.m.CategoryMapper.listSortCategoriesByBlogs - ==> Parameters: 
2022-03-09 22:43:06.847 DEBUG c.z.m.CategoryMapper.listSortCategoriesByBlogs - <==      Total: 4
2022-03-09 22:43:06.847 DEBUG c.z.m.BlogOutlineMapper.listSortByViewsBlogOutline - ==>  Preparing: select did,title,views from tb_blog_outline order by views desc limit 0,10
2022-03-09 22:43:06.847 DEBUG c.z.m.BlogOutlineMapper.listSortByViewsBlogOutline - ==> Parameters: 
2022-03-09 22:43:06.847 DEBUG c.z.m.BlogOutlineMapper.listSortByViewsBlogOutline - <==      Total: 7
2022-03-09 22:43:25.308 DEBUG com.zs.mapper.BlogMapper.listConditionBlogs_COUNT - ==>  Preparing: SELECT count(0) FROM tb_blog b INNER JOIN tb_category c ON b.cid = c.cid INNER JOIN tb_copyright cr ON cr.cr_tip_id = b.cr_tip_id INNER JOIN tb_user u ON u.uid = b.uid INNER JOIN tb_blog_outline bo ON bo.did = b.bid WHERE b.is_publish = 1
2022-03-09 22:43:25.308 DEBUG com.zs.mapper.BlogMapper.listConditionBlogs_COUNT - ==> Parameters: 
2022-03-09 22:43:25.308 DEBUG com.zs.mapper.BlogMapper.listConditionBlogs_COUNT - <==      Total: 1
2022-03-09 22:43:25.308 DEBUG com.zs.mapper.BlogMapper.listConditionBlogs - ==>  Preparing: select b.bid,b.title,b.content,b.first_picture,b.cid,b.views,b.is_appreciate,b.is_comment,b.is_publish,b.write_time,b.update_time,b.uid, b.cr_tip_id,b.is_reprint,c.`name`,cr.cr_id,cr.cr_tip,cr.cr_tip_id,u.uid,u.nickname,u.avatar,bo.outline,bo.views from tb_blog b inner join tb_category c on b.cid = c.cid inner join tb_copyright cr on cr.cr_tip_id = b.cr_tip_id inner join tb_user u on u.uid = b.uid inner join tb_blog_outline bo on bo.did = b.bid WHERE b.is_publish = 1 LIMIT ?
2022-03-09 22:43:25.308 DEBUG com.zs.mapper.BlogMapper.listConditionBlogs - ==> Parameters: 5(Integer)
2022-03-09 22:43:25.308 DEBUG com.zs.mapper.BlogMapper.listConditionBlogs - <==      Total: 5
2022-03-09 22:43:25.324 DEBUG c.z.m.CategoryMapper.listSortCategoriesByBlogs - ==>  Preparing: select c.cid,c.name,count(bid) blogs from tb_category c inner join tb_blog b on c.cid = b.cid group by c.cid order by blogs desc
2022-03-09 22:43:25.324 DEBUG c.z.m.CategoryMapper.listSortCategoriesByBlogs - ==> Parameters: 
2022-03-09 22:43:25.324 DEBUG c.z.m.CategoryMapper.listSortCategoriesByBlogs - <==      Total: 4
2022-03-09 22:43:25.324 DEBUG c.z.m.BlogOutlineMapper.listSortByViewsBlogOutline - ==>  Preparing: select did,title,views from tb_blog_outline order by views desc limit 0,10
2022-03-09 22:43:25.324 DEBUG c.z.m.BlogOutlineMapper.listSortByViewsBlogOutline - ==> Parameters: 
2022-03-09 22:43:25.324 DEBUG c.z.m.BlogOutlineMapper.listSortByViewsBlogOutline - <==      Total: 7
2022-03-09 22:44:16.780 DEBUG com.zs.mapper.BlogMapper.listConditionBlogs_COUNT - ==>  Preparing: SELECT count(0) FROM tb_blog b INNER JOIN tb_category c ON b.cid = c.cid INNER JOIN tb_copyright cr ON cr.cr_tip_id = b.cr_tip_id INNER JOIN tb_user u ON u.uid = b.uid INNER JOIN tb_blog_outline bo ON bo.did = b.bid WHERE b.is_publish = 1
2022-03-09 22:44:16.780 DEBUG com.zs.mapper.BlogMapper.listConditionBlogs_COUNT - ==> Parameters: 
2022-03-09 22:44:16.780 DEBUG com.zs.mapper.BlogMapper.listConditionBlogs_COUNT - <==      Total: 1
2022-03-09 22:44:16.795 DEBUG com.zs.mapper.BlogMapper.listConditionBlogs - ==>  Preparing: select b.bid,b.title,b.content,b.first_picture,b.cid,b.views,b.is_appreciate,b.is_comment,b.is_publish,b.write_time,b.update_time,b.uid, b.cr_tip_id,b.is_reprint,c.`name`,cr.cr_id,cr.cr_tip,cr.cr_tip_id,u.uid,u.nickname,u.avatar,bo.outline,bo.views from tb_blog b inner join tb_category c on b.cid = c.cid inner join tb_copyright cr on cr.cr_tip_id = b.cr_tip_id inner join tb_user u on u.uid = b.uid inner join tb_blog_outline bo on bo.did = b.bid WHERE b.is_publish = 1 LIMIT ?
2022-03-09 22:44:16.795 DEBUG com.zs.mapper.BlogMapper.listConditionBlogs - ==> Parameters: 5(Integer)
2022-03-09 22:44:16.795 DEBUG com.zs.mapper.BlogMapper.listConditionBlogs - <==      Total: 5
2022-03-09 22:44:16.795 DEBUG c.z.m.CategoryMapper.listSortCategoriesByBlogs - ==>  Preparing: select c.cid,c.name,count(bid) blogs from tb_category c inner join tb_blog b on c.cid = b.cid group by c.cid order by blogs desc
2022-03-09 22:44:16.795 DEBUG c.z.m.CategoryMapper.listSortCategoriesByBlogs - ==> Parameters: 
2022-03-09 22:44:16.795 DEBUG c.z.m.CategoryMapper.listSortCategoriesByBlogs - <==      Total: 4
2022-03-09 22:44:16.811 DEBUG c.z.m.BlogOutlineMapper.listSortByViewsBlogOutline - ==>  Preparing: select did,title,views from tb_blog_outline order by views desc limit 0,10
2022-03-09 22:44:16.811 DEBUG c.z.m.BlogOutlineMapper.listSortByViewsBlogOutline - ==> Parameters: 
2022-03-09 22:44:16.811 DEBUG c.z.m.BlogOutlineMapper.listSortByViewsBlogOutline - <==      Total: 7
2022-03-09 22:44:33.154 DEBUG com.zs.mapper.BlogMapper.listConditionBlogs_COUNT - ==>  Preparing: SELECT count(0) FROM tb_blog b INNER JOIN tb_category c ON b.cid = c.cid INNER JOIN tb_copyright cr ON cr.cr_tip_id = b.cr_tip_id INNER JOIN tb_user u ON u.uid = b.uid INNER JOIN tb_blog_outline bo ON bo.did = b.bid WHERE b.is_publish = 1
2022-03-09 22:44:33.154 DEBUG com.zs.mapper.BlogMapper.listConditionBlogs_COUNT - ==> Parameters: 
2022-03-09 22:44:33.154 DEBUG com.zs.mapper.BlogMapper.listConditionBlogs_COUNT - <==      Total: 1
2022-03-09 22:44:33.154 DEBUG com.zs.mapper.BlogMapper.listConditionBlogs - ==>  Preparing: select b.bid,b.title,b.content,b.first_picture,b.cid,b.views,b.is_appreciate,b.is_comment,b.is_publish,b.write_time,b.update_time,b.uid, b.cr_tip_id,b.is_reprint,c.`name`,cr.cr_id,cr.cr_tip,cr.cr_tip_id,u.uid,u.nickname,u.avatar,bo.outline,bo.views from tb_blog b inner join tb_category c on b.cid = c.cid inner join tb_copyright cr on cr.cr_tip_id = b.cr_tip_id inner join tb_user u on u.uid = b.uid inner join tb_blog_outline bo on bo.did = b.bid WHERE b.is_publish = 1 LIMIT ?
2022-03-09 22:44:33.154 DEBUG com.zs.mapper.BlogMapper.listConditionBlogs - ==> Parameters: 5(Integer)
2022-03-09 22:44:33.169 DEBUG com.zs.mapper.BlogMapper.listConditionBlogs - <==      Total: 5
2022-03-09 22:44:33.169 DEBUG c.z.m.CategoryMapper.listSortCategoriesByBlogs - ==>  Preparing: select c.cid,c.name,count(bid) blogs from tb_category c inner join tb_blog b on c.cid = b.cid group by c.cid order by blogs desc
2022-03-09 22:44:33.169 DEBUG c.z.m.CategoryMapper.listSortCategoriesByBlogs - ==> Parameters: 
2022-03-09 22:44:33.169 DEBUG c.z.m.CategoryMapper.listSortCategoriesByBlogs - <==      Total: 4
2022-03-09 22:44:33.169 DEBUG c.z.m.BlogOutlineMapper.listSortByViewsBlogOutline - ==>  Preparing: select did,title,views from tb_blog_outline order by views desc limit 0,10
2022-03-09 22:44:33.169 DEBUG c.z.m.BlogOutlineMapper.listSortByViewsBlogOutline - ==> Parameters: 
2022-03-09 22:44:33.169 DEBUG c.z.m.BlogOutlineMapper.listSortByViewsBlogOutline - <==      Total: 7
2022-03-09 22:45:28.908 DEBUG com.zs.mapper.BlogMapper.listConditionBlogs_COUNT - ==>  Preparing: SELECT count(0) FROM tb_blog b INNER JOIN tb_category c ON b.cid = c.cid INNER JOIN tb_copyright cr ON cr.cr_tip_id = b.cr_tip_id INNER JOIN tb_user u ON u.uid = b.uid INNER JOIN tb_blog_outline bo ON bo.did = b.bid WHERE b.is_publish = 1
2022-03-09 22:45:28.908 DEBUG com.zs.mapper.BlogMapper.listConditionBlogs_COUNT - ==> Parameters: 
2022-03-09 22:45:28.908 DEBUG com.zs.mapper.BlogMapper.listConditionBlogs_COUNT - <==      Total: 1
2022-03-09 22:45:28.908 DEBUG com.zs.mapper.BlogMapper.listConditionBlogs - ==>  Preparing: select b.bid,b.title,b.content,b.first_picture,b.cid,b.views,b.is_appreciate,b.is_comment,b.is_publish,b.write_time,b.update_time,b.uid, b.cr_tip_id,b.is_reprint,c.`name`,cr.cr_id,cr.cr_tip,cr.cr_tip_id,u.uid,u.nickname,u.avatar,bo.outline,bo.views from tb_blog b inner join tb_category c on b.cid = c.cid inner join tb_copyright cr on cr.cr_tip_id = b.cr_tip_id inner join tb_user u on u.uid = b.uid inner join tb_blog_outline bo on bo.did = b.bid WHERE b.is_publish = 1 LIMIT ?
2022-03-09 22:45:28.908 DEBUG com.zs.mapper.BlogMapper.listConditionBlogs - ==> Parameters: 5(Integer)
2022-03-09 22:45:28.924 DEBUG com.zs.mapper.BlogMapper.listConditionBlogs - <==      Total: 5
2022-03-09 22:45:28.924 DEBUG c.z.m.CategoryMapper.listSortCategoriesByBlogs - ==>  Preparing: select c.cid,c.name,count(bid) blogs from tb_category c inner join tb_blog b on c.cid = b.cid group by c.cid order by blogs desc
2022-03-09 22:45:28.924 DEBUG c.z.m.CategoryMapper.listSortCategoriesByBlogs - ==> Parameters: 
2022-03-09 22:45:28.924 DEBUG c.z.m.CategoryMapper.listSortCategoriesByBlogs - <==      Total: 4
2022-03-09 22:45:28.924 DEBUG c.z.m.BlogOutlineMapper.listSortByViewsBlogOutline - ==>  Preparing: select did,title,views from tb_blog_outline order by views desc limit 0,10
2022-03-09 22:45:28.924 DEBUG c.z.m.BlogOutlineMapper.listSortByViewsBlogOutline - ==> Parameters: 
2022-03-09 22:45:28.924 DEBUG c.z.m.BlogOutlineMapper.listSortByViewsBlogOutline - <==      Total: 7
2022-03-09 22:47:27.260 INFO  com.alibaba.druid.pool.DruidDataSource - {dataSource-1} closing ...
2022-03-09 22:47:27.275 INFO  com.alibaba.druid.pool.DruidDataSource - {dataSource-1} closed
